        -:    0:Source:/mnt/c/CLionProjects/21s-srch-eng-csphalopods/include/rapidjson/document.h
        -:    0:Graph:/mnt/c/CLionProjects/21s-srch-eng-csphalopods/cmake-build-debug-coverage/CMakeFiles/search_engine.dir/Runner.cpp.gcno
        -:    0:Data:/mnt/c/CLionProjects/21s-srch-eng-csphalopods/cmake-build-debug-coverage/CMakeFiles/search_engine.dir/Runner.cpp.gcda
        -:    0:Runs:1
        -:    1:// Tencent is pleased to support the open source community by making RapidJSON available.
        -:    2:// 
        -:    3:// Copyright (C) 2015 THL A29 Limited, a Tencent company, and Milo Yip.
        -:    4://
        -:    5:// Licensed under the MIT License (the "License"); you may not use this file except
        -:    6:// in compliance with the License. You may obtain a copy of the License at
        -:    7://
        -:    8:// http://opensource.org/licenses/MIT
        -:    9://
        -:   10:// Unless required by applicable law or agreed to in writing, software distributed 
        -:   11:// under the License is distributed on an "AS IS" BASIS, WITHOUT WARRANTIES OR 
        -:   12:// CONDITIONS OF ANY KIND, either express or implied. See the License for the 
        -:   13:// specific language governing permissions and limitations under the License.
        -:   14:
        -:   15:#ifndef RAPIDJSON_DOCUMENT_H_
        -:   16:#define RAPIDJSON_DOCUMENT_H_
        -:   17:
        -:   18:/*! \file document.h */
        -:   19:
        -:   20:#include "reader.h"
        -:   21:#include "internal/meta.h"
        -:   22:#include "internal/strfunc.h"
        -:   23:#include "memorystream.h"
        -:   24:#include "encodedstream.h"
        -:   25:#include <new>      // placement new
        -:   26:#include <limits>
        -:   27:#ifdef __cpp_lib_three_way_comparison
        -:   28:#include <compare>
        -:   29:#endif
        -:   30:
        -:   31:RAPIDJSON_DIAG_PUSH
        -:   32:#ifdef __clang__
        -:   33:RAPIDJSON_DIAG_OFF(padded)
        -:   34:RAPIDJSON_DIAG_OFF(switch-enum)
        -:   35:RAPIDJSON_DIAG_OFF(c++98-compat)
        -:   36:#elif defined(_MSC_VER)
        -:   37:RAPIDJSON_DIAG_OFF(4127) // conditional expression is constant
        -:   38:RAPIDJSON_DIAG_OFF(4244) // conversion from kXxxFlags to 'uint16_t', possible loss of data
        -:   39:#endif
        -:   40:
        -:   41:#ifdef __GNUC__
        -:   42:RAPIDJSON_DIAG_OFF(effc++)
        -:   43:#endif // __GNUC__
        -:   44:
        -:   45:#ifndef RAPIDJSON_NOMEMBERITERATORCLASS
        -:   46:#include <iterator> // std::random_access_iterator_tag
        -:   47:#endif
        -:   48:
        -:   49:#if RAPIDJSON_USE_MEMBERSMAP
        -:   50:#include <map> // std::multimap
        -:   51:#endif
        -:   52:
        -:   53:RAPIDJSON_NAMESPACE_BEGIN
        -:   54:
        -:   55:// Forward declaration.
        -:   56:template <typename Encoding, typename Allocator>
        -:   57:class GenericValue;
        -:   58:
        -:   59:template <typename Encoding, typename Allocator, typename StackAllocator>
        -:   60:class GenericDocument;
        -:   61:
        -:   62:/*! \def RAPIDJSON_DEFAULT_ALLOCATOR
        -:   63:    \ingroup RAPIDJSON_CONFIG
        -:   64:    \brief Allows to choose default allocator.
        -:   65:
        -:   66:    User can define this to use CrtAllocator or MemoryPoolAllocator.
        -:   67:*/
        -:   68:#ifndef RAPIDJSON_DEFAULT_ALLOCATOR
        -:   69:#define RAPIDJSON_DEFAULT_ALLOCATOR MemoryPoolAllocator<CrtAllocator>
        -:   70:#endif
        -:   71:
        -:   72:/*! \def RAPIDJSON_DEFAULT_STACK_ALLOCATOR
        -:   73:    \ingroup RAPIDJSON_CONFIG
        -:   74:    \brief Allows to choose default stack allocator for Document.
        -:   75:
        -:   76:    User can define this to use CrtAllocator or MemoryPoolAllocator.
        -:   77:*/
        -:   78:#ifndef RAPIDJSON_DEFAULT_STACK_ALLOCATOR
        -:   79:#define RAPIDJSON_DEFAULT_STACK_ALLOCATOR CrtAllocator
        -:   80:#endif
        -:   81:
        -:   82:/*! \def RAPIDJSON_VALUE_DEFAULT_OBJECT_CAPACITY
        -:   83:    \ingroup RAPIDJSON_CONFIG
        -:   84:    \brief User defined kDefaultObjectCapacity value.
        -:   85:
        -:   86:    User can define this as any natural number.
        -:   87:*/
        -:   88:#ifndef RAPIDJSON_VALUE_DEFAULT_OBJECT_CAPACITY
        -:   89:// number of objects that rapidjson::Value allocates memory for by default
        -:   90:#define RAPIDJSON_VALUE_DEFAULT_OBJECT_CAPACITY 16
        -:   91:#endif
        -:   92:
        -:   93:/*! \def RAPIDJSON_VALUE_DEFAULT_ARRAY_CAPACITY
        -:   94:    \ingroup RAPIDJSON_CONFIG
        -:   95:    \brief User defined kDefaultArrayCapacity value.
        -:   96:
        -:   97:    User can define this as any natural number.
        -:   98:*/
        -:   99:#ifndef RAPIDJSON_VALUE_DEFAULT_ARRAY_CAPACITY
        -:  100:// number of array elements that rapidjson::Value allocates memory for by default
        -:  101:#define RAPIDJSON_VALUE_DEFAULT_ARRAY_CAPACITY 16
        -:  102:#endif
        -:  103:
        -:  104://! Name-value pair in a JSON object value.
        -:  105:/*!
        -:  106:    This class was internal to GenericValue. It used to be a inner struct.
        -:  107:    But a compiler (IBM XL C/C++ for AIX) have reported to have problem with that so it moved as a namespace scope struct.
        -:  108:    https://code.google.com/p/rapidjson/issues/detail?id=64
        -:  109:*/
        -:  110:template <typename Encoding, typename Allocator> 
        -:  111:class GenericMember {
        -:  112:public:
        -:  113:    GenericValue<Encoding, Allocator> name;     //!< name of member (must be a string)
        -:  114:    GenericValue<Encoding, Allocator> value;    //!< value of member.
        -:  115:
        -:  116:#if RAPIDJSON_HAS_CXX11_RVALUE_REFS
        -:  117:    //! Move constructor in C++11
        -:  118:    GenericMember(GenericMember&& rhs) RAPIDJSON_NOEXCEPT
        -:  119:        : name(std::move(rhs.name)),
        -:  120:          value(std::move(rhs.value))
        -:  121:    {
        -:  122:    }
        -:  123:
        -:  124:    //! Move assignment in C++11
        -:  125:    GenericMember& operator=(GenericMember&& rhs) RAPIDJSON_NOEXCEPT {
        -:  126:        return *this = static_cast<GenericMember&>(rhs);
        -:  127:    }
        -:  128:#endif
        -:  129:
        -:  130:    //! Assignment with move semantics.
        -:  131:    /*! \param rhs Source of the assignment. Its name and value will become a null value after assignment.
        -:  132:    */
        -:  133:    GenericMember& operator=(GenericMember& rhs) RAPIDJSON_NOEXCEPT {
        -:  134:        if (RAPIDJSON_LIKELY(this != &rhs)) {
        -:  135:            name = rhs.name;
        -:  136:            value = rhs.value;
        -:  137:        }
        -:  138:        return *this;
        -:  139:    }
        -:  140:
        -:  141:    // swap() for std::sort() and other potential use in STL.
        -:  142:    friend inline void swap(GenericMember& a, GenericMember& b) RAPIDJSON_NOEXCEPT {
        -:  143:        a.name.Swap(b.name);
        -:  144:        a.value.Swap(b.value);
        -:  145:    }
        -:  146:
        -:  147:private:
        -:  148:    //! Copy constructor is not permitted.
        -:  149:    GenericMember(const GenericMember& rhs);
        -:  150:};
        -:  151:
        -:  152:///////////////////////////////////////////////////////////////////////////////
        -:  153:// GenericMemberIterator
        -:  154:
        -:  155:#ifndef RAPIDJSON_NOMEMBERITERATORCLASS
        -:  156:
        -:  157://! (Constant) member iterator for a JSON object value
        -:  158:/*!
        -:  159:    \tparam Const Is this a constant iterator?
        -:  160:    \tparam Encoding    Encoding of the value. (Even non-string values need to have the same encoding in a document)
        -:  161:    \tparam Allocator   Allocator type for allocating memory of object, array and string.
        -:  162:
        -:  163:    This class implements a Random Access Iterator for GenericMember elements
        -:  164:    of a GenericValue, see ISO/IEC 14882:2003(E) C++ standard, 24.1 [lib.iterator.requirements].
        -:  165:
        -:  166:    \note This iterator implementation is mainly intended to avoid implicit
        -:  167:        conversions from iterator values to \c NULL,
        -:  168:        e.g. from GenericValue::FindMember.
        -:  169:
        -:  170:    \note Define \c RAPIDJSON_NOMEMBERITERATORCLASS to fall back to a
        -:  171:        pointer-based implementation, if your platform doesn't provide
        -:  172:        the C++ <iterator> header.
        -:  173:
        -:  174:    \see GenericMember, GenericValue::MemberIterator, GenericValue::ConstMemberIterator
        -:  175: */
        -:  176:template <bool Const, typename Encoding, typename Allocator>
        -:  177:class GenericMemberIterator {
        -:  178:
        -:  179:    friend class GenericValue<Encoding,Allocator>;
        -:  180:    template <bool, typename, typename> friend class GenericMemberIterator;
        -:  181:
        -:  182:    typedef GenericMember<Encoding,Allocator> PlainType;
        -:  183:    typedef typename internal::MaybeAddConst<Const,PlainType>::Type ValueType;
        -:  184:
        -:  185:public:
        -:  186:    //! Iterator type itself
        -:  187:    typedef GenericMemberIterator Iterator;
        -:  188:    //! Constant iterator type
        -:  189:    typedef GenericMemberIterator<true,Encoding,Allocator>  ConstIterator;
        -:  190:    //! Non-constant iterator type
        -:  191:    typedef GenericMemberIterator<false,Encoding,Allocator> NonConstIterator;
        -:  192:
        -:  193:    /** \name std::iterator_traits support */
        -:  194:    //@{
        -:  195:    typedef ValueType      value_type;
        -:  196:    typedef ValueType *    pointer;
        -:  197:    typedef ValueType &    reference;
        -:  198:    typedef std::ptrdiff_t difference_type;
        -:  199:    typedef std::random_access_iterator_tag iterator_category;
        -:  200:    //@}
        -:  201:
        -:  202:    //! Pointer to (const) GenericMember
        -:  203:    typedef pointer         Pointer;
        -:  204:    //! Reference to (const) GenericMember
        -:  205:    typedef reference       Reference;
        -:  206:    //! Signed integer type (e.g. \c ptrdiff_t)
        -:  207:    typedef difference_type DifferenceType;
        -:  208:
        -:  209:    //! Default constructor (singular value)
        -:  210:    /*! Creates an iterator pointing to no element.
        -:  211:        \note All operations, except for comparisons, are undefined on such values.
        -:  212:     */
        -:  213:    GenericMemberIterator() : ptr_() {}
        -:  214:
        -:  215:    //! Iterator conversions to more const
        -:  216:    /*!
        -:  217:        \param it (Non-const) iterator to copy from
        -:  218:
        -:  219:        Allows the creation of an iterator from another GenericMemberIterator
        -:  220:        that is "less const".  Especially, creating a non-constant iterator
        -:  221:        from a constant iterator are disabled:
        -:  222:        \li const -> non-const (not ok)
        -:  223:        \li const -> const (ok)
        -:  224:        \li non-const -> const (ok)
        -:  225:        \li non-const -> non-const (ok)
        -:  226:
        -:  227:        \note If the \c Const template parameter is already \c false, this
        -:  228:            constructor effectively defines a regular copy-constructor.
        -:  229:            Otherwise, the copy constructor is implicitly defined.
        -:  230:    */
        -:  231:    GenericMemberIterator(const NonConstIterator & it) : ptr_(it.ptr_) {}
        -:  232:    Iterator& operator=(const NonConstIterator & it) { ptr_ = it.ptr_; return *this; }
        -:  233:
        -:  234:    //! @name stepping
        -:  235:    //@{
function _ZN9rapidjson21GenericMemberIteratorILb0ENS_4UTF8IcEENS_19MemoryPoolAllocatorINS_12CrtAllocatorEEEEppEv called 200 returned 100% blocks executed 100%
      200:  236:    Iterator& operator++(){ ++ptr_; return *this; }
      200:  236-block  0
        -:  237:    Iterator& operator--(){ --ptr_; return *this; }
        -:  238:    Iterator  operator++(int){ Iterator old(*this); ++ptr_; return old; }
        -:  239:    Iterator  operator--(int){ Iterator old(*this); --ptr_; return old; }
        -:  240:    //@}
        -:  241:
        -:  242:    //! @name increment/decrement
        -:  243:    //@{
        -:  244:    Iterator operator+(DifferenceType n) const { return Iterator(ptr_+n); }
        -:  245:    Iterator operator-(DifferenceType n) const { return Iterator(ptr_-n); }
        -:  246:
        -:  247:    Iterator& operator+=(DifferenceType n) { ptr_+=n; return *this; }
        -:  248:    Iterator& operator-=(DifferenceType n) { ptr_-=n; return *this; }
        -:  249:    //@}
        -:  250:
        -:  251:    //! @name relations
        -:  252:    //@{
        -:  253:    template <bool Const_> bool operator==(const GenericMemberIterator<Const_, Encoding, Allocator>& that) const { return ptr_ == that.ptr_; }
function _ZNK9rapidjson21GenericMemberIteratorILb0ENS_4UTF8IcEENS_19MemoryPoolAllocatorINS_12CrtAllocatorEEEEneILb0EEEbRKNS0_IXT_ES2_S5_EE called 698 returned 100% blocks executed 100%
      698:  254:    template <bool Const_> bool operator!=(const GenericMemberIterator<Const_, Encoding, Allocator>& that) const { return ptr_ != that.ptr_; }
      698:  254-block  0
        -:  255:    template <bool Const_> bool operator<=(const GenericMemberIterator<Const_, Encoding, Allocator>& that) const { return ptr_ <= that.ptr_; }
        -:  256:    template <bool Const_> bool operator>=(const GenericMemberIterator<Const_, Encoding, Allocator>& that) const { return ptr_ >= that.ptr_; }
        -:  257:    template <bool Const_> bool operator< (const GenericMemberIterator<Const_, Encoding, Allocator>& that) const { return ptr_ < that.ptr_; }
        -:  258:    template <bool Const_> bool operator> (const GenericMemberIterator<Const_, Encoding, Allocator>& that) const { return ptr_ > that.ptr_; }
        -:  259:
        -:  260:#ifdef __cpp_lib_three_way_comparison
        -:  261:    template <bool Const_> std::strong_ordering operator<=>(const GenericMemberIterator<Const_, Encoding, Allocator>& that) const { return ptr_ <=> that.ptr_; }
        -:  262:#endif
        -:  263:    //@}
        -:  264:
        -:  265:    //! @name dereference
        -:  266:    //@{
        -:  267:    Reference operator*() const { return *ptr_; }
function _ZNK9rapidjson21GenericMemberIteratorILb0ENS_4UTF8IcEENS_19MemoryPoolAllocatorINS_12CrtAllocatorEEEEptEv called 698 returned 100% blocks executed 100%
      698:  268:    Pointer   operator->() const { return ptr_; }
      698:  268-block  0
        -:  269:    Reference operator[](DifferenceType n) const { return ptr_[n]; }
        -:  270:    //@}
        -:  271:
        -:  272:    //! Distance
        -:  273:    DifferenceType operator-(ConstIterator that) const { return ptr_-that.ptr_; }
        -:  274:
        -:  275:private:
        -:  276:    //! Internal constructor from plain pointer
function _ZN9rapidjson21GenericMemberIteratorILb0ENS_4UTF8IcEENS_19MemoryPoolAllocatorINS_12CrtAllocatorEEEEC2EPNS_13GenericMemberIS2_S5_EE called 947 returned 100% blocks executed 100%
      947:  277:    explicit GenericMemberIterator(Pointer p) : ptr_(p) {}
        -:  278:
        -:  279:    Pointer ptr_; //!< raw pointer
        -:  280:};
        -:  281:
        -:  282:#else // RAPIDJSON_NOMEMBERITERATORCLASS
        -:  283:
        -:  284:// class-based member iterator implementation disabled, use plain pointers
        -:  285:
        -:  286:template <bool Const, typename Encoding, typename Allocator>
        -:  287:class GenericMemberIterator;
        -:  288:
        -:  289://! non-const GenericMemberIterator
        -:  290:template <typename Encoding, typename Allocator>
        -:  291:class GenericMemberIterator<false,Encoding,Allocator> {
        -:  292:public:
        -:  293:    //! use plain pointer as iterator type
        -:  294:    typedef GenericMember<Encoding,Allocator>* Iterator;
        -:  295:};
        -:  296://! const GenericMemberIterator
        -:  297:template <typename Encoding, typename Allocator>
        -:  298:class GenericMemberIterator<true,Encoding,Allocator> {
        -:  299:public:
        -:  300:    //! use plain const pointer as iterator type
        -:  301:    typedef const GenericMember<Encoding,Allocator>* Iterator;
        -:  302:};
        -:  303:
        -:  304:#endif // RAPIDJSON_NOMEMBERITERATORCLASS
        -:  305:
        -:  306:///////////////////////////////////////////////////////////////////////////////
        -:  307:// GenericStringRef
        -:  308:
        -:  309://! Reference to a constant string (not taking a copy)
        -:  310:/*!
        -:  311:    \tparam CharType character type of the string
        -:  312:
        -:  313:    This helper class is used to automatically infer constant string
        -:  314:    references for string literals, especially from \c const \b (!)
        -:  315:    character arrays.
        -:  316:
        -:  317:    The main use is for creating JSON string values without copying the
        -:  318:    source string via an \ref Allocator.  This requires that the referenced
        -:  319:    string pointers have a sufficient lifetime, which exceeds the lifetime
        -:  320:    of the associated GenericValue.
        -:  321:
        -:  322:    \b Example
        -:  323:    \code
        -:  324:    Value v("foo");   // ok, no need to copy & calculate length
        -:  325:    const char foo[] = "foo";
        -:  326:    v.SetString(foo); // ok
        -:  327:
        -:  328:    const char* bar = foo;
        -:  329:    // Value x(bar); // not ok, can't rely on bar's lifetime
        -:  330:    Value x(StringRef(bar)); // lifetime explicitly guaranteed by user
        -:  331:    Value y(StringRef(bar, 3));  // ok, explicitly pass length
        -:  332:    \endcode
        -:  333:
        -:  334:    \see StringRef, GenericValue::SetString
        -:  335:*/
        -:  336:template<typename CharType>
        -:  337:struct GenericStringRef {
        -:  338:    typedef CharType Ch; //!< character type of the string
        -:  339:
        -:  340:    //! Create string reference from \c const character array
        -:  341:#ifndef __clang__ // -Wdocumentation
        -:  342:    /*!
        -:  343:        This constructor implicitly creates a constant string reference from
        -:  344:        a \c const character array.  It has better performance than
        -:  345:        \ref StringRef(const CharType*) by inferring the string \ref length
        -:  346:        from the array length, and also supports strings containing null
        -:  347:        characters.
        -:  348:
        -:  349:        \tparam N length of the string, automatically inferred
        -:  350:
        -:  351:        \param str Constant character array, lifetime assumed to be longer
        -:  352:            than the use of the string in e.g. a GenericValue
        -:  353:
        -:  354:        \post \ref s == str
        -:  355:
        -:  356:        \note Constant complexity.
        -:  357:        \note There is a hidden, private overload to disallow references to
        -:  358:            non-const character arrays to be created via this constructor.
        -:  359:            By this, e.g. function-scope arrays used to be filled via
        -:  360:            \c snprintf are excluded from consideration.
        -:  361:            In such cases, the referenced string should be \b copied to the
        -:  362:            GenericValue instead.
        -:  363:     */
        -:  364:#endif
        -:  365:    template<SizeType N>
        -:  366:    GenericStringRef(const CharType (&str)[N]) RAPIDJSON_NOEXCEPT
        -:  367:        : s(str), length(N-1) {}
        -:  368:
        -:  369:    //! Explicitly create string reference from \c const character pointer
        -:  370:#ifndef __clang__ // -Wdocumentation
        -:  371:    /*!
        -:  372:        This constructor can be used to \b explicitly  create a reference to
        -:  373:        a constant string pointer.
        -:  374:
        -:  375:        \see StringRef(const CharType*)
        -:  376:
        -:  377:        \param str Constant character pointer, lifetime assumed to be longer
        -:  378:            than the use of the string in e.g. a GenericValue
        -:  379:
        -:  380:        \post \ref s == str
        -:  381:
        -:  382:        \note There is a hidden, private overload to disallow references to
        -:  383:            non-const character arrays to be created via this constructor.
        -:  384:            By this, e.g. function-scope arrays used to be filled via
        -:  385:            \c snprintf are excluded from consideration.
        -:  386:            In such cases, the referenced string should be \b copied to the
        -:  387:            GenericValue instead.
        -:  388:     */
        -:  389:#endif
function _ZN9rapidjson16GenericStringRefIcEC2EPKc called 249 returned 100% blocks executed 100%
      249:  390:    explicit GenericStringRef(const CharType* str)
      249:  391:        : s(str), length(NotNullStrLen(str)) {}
      249:  391-block  0
call    0 returned 249
        -:  392:
        -:  393:    //! Create constant string reference from pointer and length
        -:  394:#ifndef __clang__ // -Wdocumentation
        -:  395:    /*! \param str constant string, lifetime assumed to be longer than the use of the string in e.g. a GenericValue
        -:  396:        \param len length of the string, excluding the trailing NULL terminator
        -:  397:
        -:  398:        \post \ref s == str && \ref length == len
        -:  399:        \note Constant complexity.
        -:  400:     */
        -:  401:#endif
function _ZN9rapidjson16GenericStringRefIcEC2EPKcj called 12824 returned 100% blocks executed 57%
    12824:  402:    GenericStringRef(const CharType* str, SizeType len)
   12824*:  403:        : s(RAPIDJSON_LIKELY(str) ? str : emptyString), length(len) { RAPIDJSON_ASSERT(str != 0 || len == 0u); }
    12824:  403-block  0
branch  0 taken 12824 (fallthrough)
branch  1 taken 0
    12824:  403-block  1
    %%%%%:  403-block  2
    12824:  403-block  3
branch  2 taken 0 (fallthrough)
branch  3 taken 12824
    %%%%%:  403-block  4
branch  4 never executed
branch  5 never executed
    %%%%%:  403-block  5
call    6 never executed
        -:  404:
function _ZN9rapidjson16GenericStringRefIcEC2ERKS1_ called 249 returned 100% blocks executed 100%
      249:  405:    GenericStringRef(const GenericStringRef& rhs) : s(rhs.s), length(rhs.length) {}
        -:  406:
        -:  407:    //! implicit conversion to plain CharType pointer
function _ZNK9rapidjson16GenericStringRefIcEcvPKcEv called 13073 returned 100% blocks executed 100%
    13073:  408:    operator const Ch *() const { return s; }
    13073:  408-block  0
        -:  409:
        -:  410:    const Ch* const s; //!< plain CharType pointer
        -:  411:    const SizeType length; //!< length of the string (excluding the trailing NULL terminator)
        -:  412:
        -:  413:private:
function _ZN9rapidjson16GenericStringRefIcE13NotNullStrLenEPKc called 249 returned 100% blocks executed 75%
      249:  414:    SizeType NotNullStrLen(const CharType* str) {
     249*:  415:        RAPIDJSON_ASSERT(str != 0);
      249:  415-block  0
branch  0 taken 0 (fallthrough)
branch  1 taken 249
    %%%%%:  415-block  1
call    2 never executed
      249:  416:        return internal::StrLen(str);
      249:  416-block  0
call    0 returned 249
        -:  417:    }
        -:  418:
        -:  419:    /// Empty string - used when passing in a NULL pointer
        -:  420:    static const Ch emptyString[];
        -:  421:
        -:  422:    //! Disallow construction from non-const array
        -:  423:    template<SizeType N>
        -:  424:    GenericStringRef(CharType (&str)[N]) /* = delete */;
        -:  425:    //! Copy assignment operator not permitted - immutable type
        -:  426:    GenericStringRef& operator=(const GenericStringRef& rhs) /* = delete */;
        -:  427:};
        -:  428:
        -:  429:template<typename CharType>
        -:  430:const CharType GenericStringRef<CharType>::emptyString[] = { CharType() };
        -:  431:
        -:  432://! Mark a character pointer as constant string
        -:  433:/*! Mark a plain character pointer as a "string literal".  This function
        -:  434:    can be used to avoid copying a character string to be referenced as a
        -:  435:    value in a JSON GenericValue object, if the string's lifetime is known
        -:  436:    to be valid long enough.
        -:  437:    \tparam CharType Character type of the string
        -:  438:    \param str Constant string, lifetime assumed to be longer than the use of the string in e.g. a GenericValue
        -:  439:    \return GenericStringRef string reference object
        -:  440:    \relatesalso GenericStringRef
        -:  441:
        -:  442:    \see GenericValue::GenericValue(StringRefType), GenericValue::operator=(StringRefType), GenericValue::SetString(StringRefType), GenericValue::PushBack(StringRefType, Allocator&), GenericValue::AddMember
        -:  443:*/
        -:  444:template<typename CharType>
function _ZN9rapidjson9StringRefIcEENS_16GenericStringRefIT_EEPKS2_ called 249 returned 100% blocks executed 100%
      249:  445:inline GenericStringRef<CharType> StringRef(const CharType* str) {
      249:  446:    return GenericStringRef<CharType>(str);
      249:  446-block  0
call    0 returned 249
        -:  447:}
        -:  448:
        -:  449://! Mark a character pointer as constant string
        -:  450:/*! Mark a plain character pointer as a "string literal".  This function
        -:  451:    can be used to avoid copying a character string to be referenced as a
        -:  452:    value in a JSON GenericValue object, if the string's lifetime is known
        -:  453:    to be valid long enough.
        -:  454:
        -:  455:    This version has better performance with supplied length, and also
        -:  456:    supports string containing null characters.
        -:  457:
        -:  458:    \tparam CharType character type of the string
        -:  459:    \param str Constant string, lifetime assumed to be longer than the use of the string in e.g. a GenericValue
        -:  460:    \param length The length of source string.
        -:  461:    \return GenericStringRef string reference object
        -:  462:    \relatesalso GenericStringRef
        -:  463:*/
        -:  464:template<typename CharType>
function _ZN9rapidjson9StringRefIcEENS_16GenericStringRefIT_EEPKS2_m called 12824 returned 100% blocks executed 100%
    12824:  465:inline GenericStringRef<CharType> StringRef(const CharType* str, size_t length) {
    12824:  466:    return GenericStringRef<CharType>(str, SizeType(length));
    12824:  466-block  0
call    0 returned 12824
        -:  467:}
        -:  468:
        -:  469:#if RAPIDJSON_HAS_STDSTRING
        -:  470://! Mark a string object as constant string
        -:  471:/*! Mark a string object (e.g. \c std::string) as a "string literal".
        -:  472:    This function can be used to avoid copying a string to be referenced as a
        -:  473:    value in a JSON GenericValue object, if the string's lifetime is known
        -:  474:    to be valid long enough.
        -:  475:
        -:  476:    \tparam CharType character type of the string
        -:  477:    \param str Constant string, lifetime assumed to be longer than the use of the string in e.g. a GenericValue
        -:  478:    \return GenericStringRef string reference object
        -:  479:    \relatesalso GenericStringRef
        -:  480:    \note Requires the definition of the preprocessor symbol \ref RAPIDJSON_HAS_STDSTRING.
        -:  481:*/
        -:  482:template<typename CharType>
        -:  483:inline GenericStringRef<CharType> StringRef(const std::basic_string<CharType>& str) {
        -:  484:    return GenericStringRef<CharType>(str.data(), SizeType(str.size()));
        -:  485:}
        -:  486:#endif
        -:  487:
        -:  488:///////////////////////////////////////////////////////////////////////////////
        -:  489:// GenericValue type traits
        -:  490:namespace internal {
        -:  491:
        -:  492:template <typename T, typename Encoding = void, typename Allocator = void>
        -:  493:struct IsGenericValueImpl : FalseType {};
        -:  494:
        -:  495:// select candidates according to nested encoding and allocator types
        -:  496:template <typename T> struct IsGenericValueImpl<T, typename Void<typename T::EncodingType>::Type, typename Void<typename T::AllocatorType>::Type>
        -:  497:    : IsBaseOf<GenericValue<typename T::EncodingType, typename T::AllocatorType>, T>::Type {};
        -:  498:
        -:  499:// helper to match arbitrary GenericValue instantiations, including derived classes
        -:  500:template <typename T> struct IsGenericValue : IsGenericValueImpl<T>::Type {};
        -:  501:
        -:  502:} // namespace internal
        -:  503:
        -:  504:///////////////////////////////////////////////////////////////////////////////
        -:  505:// TypeHelper
        -:  506:
        -:  507:namespace internal {
        -:  508:
        -:  509:template <typename ValueType, typename T>
        -:  510:struct TypeHelper {};
        -:  511:
        -:  512:template<typename ValueType> 
        -:  513:struct TypeHelper<ValueType, bool> {
        -:  514:    static bool Is(const ValueType& v) { return v.IsBool(); }
        -:  515:    static bool Get(const ValueType& v) { return v.GetBool(); }
        -:  516:    static ValueType& Set(ValueType& v, bool data) { return v.SetBool(data); }
        -:  517:    static ValueType& Set(ValueType& v, bool data, typename ValueType::AllocatorType&) { return v.SetBool(data); }
        -:  518:};
        -:  519:
        -:  520:template<typename ValueType> 
        -:  521:struct TypeHelper<ValueType, int> {
        -:  522:    static bool Is(const ValueType& v) { return v.IsInt(); }
        -:  523:    static int Get(const ValueType& v) { return v.GetInt(); }
        -:  524:    static ValueType& Set(ValueType& v, int data) { return v.SetInt(data); }
        -:  525:    static ValueType& Set(ValueType& v, int data, typename ValueType::AllocatorType&) { return v.SetInt(data); }
        -:  526:};
        -:  527:
        -:  528:template<typename ValueType> 
        -:  529:struct TypeHelper<ValueType, unsigned> {
        -:  530:    static bool Is(const ValueType& v) { return v.IsUint(); }
        -:  531:    static unsigned Get(const ValueType& v) { return v.GetUint(); }
        -:  532:    static ValueType& Set(ValueType& v, unsigned data) { return v.SetUint(data); }
        -:  533:    static ValueType& Set(ValueType& v, unsigned data, typename ValueType::AllocatorType&) { return v.SetUint(data); }
        -:  534:};
        -:  535:
        -:  536:#ifdef _MSC_VER
        -:  537:RAPIDJSON_STATIC_ASSERT(sizeof(long) == sizeof(int));
        -:  538:template<typename ValueType>
        -:  539:struct TypeHelper<ValueType, long> {
        -:  540:    static bool Is(const ValueType& v) { return v.IsInt(); }
        -:  541:    static long Get(const ValueType& v) { return v.GetInt(); }
        -:  542:    static ValueType& Set(ValueType& v, long data) { return v.SetInt(data); }
        -:  543:    static ValueType& Set(ValueType& v, long data, typename ValueType::AllocatorType&) { return v.SetInt(data); }
        -:  544:};
        -:  545:
        -:  546:RAPIDJSON_STATIC_ASSERT(sizeof(unsigned long) == sizeof(unsigned));
        -:  547:template<typename ValueType>
        -:  548:struct TypeHelper<ValueType, unsigned long> {
        -:  549:    static bool Is(const ValueType& v) { return v.IsUint(); }
        -:  550:    static unsigned long Get(const ValueType& v) { return v.GetUint(); }
        -:  551:    static ValueType& Set(ValueType& v, unsigned long data) { return v.SetUint(data); }
        -:  552:    static ValueType& Set(ValueType& v, unsigned long data, typename ValueType::AllocatorType&) { return v.SetUint(data); }
        -:  553:};
        -:  554:#endif
        -:  555:
        -:  556:template<typename ValueType> 
        -:  557:struct TypeHelper<ValueType, int64_t> {
        -:  558:    static bool Is(const ValueType& v) { return v.IsInt64(); }
        -:  559:    static int64_t Get(const ValueType& v) { return v.GetInt64(); }
        -:  560:    static ValueType& Set(ValueType& v, int64_t data) { return v.SetInt64(data); }
        -:  561:    static ValueType& Set(ValueType& v, int64_t data, typename ValueType::AllocatorType&) { return v.SetInt64(data); }
        -:  562:};
        -:  563:
        -:  564:template<typename ValueType> 
        -:  565:struct TypeHelper<ValueType, uint64_t> {
        -:  566:    static bool Is(const ValueType& v) { return v.IsUint64(); }
        -:  567:    static uint64_t Get(const ValueType& v) { return v.GetUint64(); }
        -:  568:    static ValueType& Set(ValueType& v, uint64_t data) { return v.SetUint64(data); }
        -:  569:    static ValueType& Set(ValueType& v, uint64_t data, typename ValueType::AllocatorType&) { return v.SetUint64(data); }
        -:  570:};
        -:  571:
        -:  572:template<typename ValueType> 
        -:  573:struct TypeHelper<ValueType, double> {
        -:  574:    static bool Is(const ValueType& v) { return v.IsDouble(); }
        -:  575:    static double Get(const ValueType& v) { return v.GetDouble(); }
        -:  576:    static ValueType& Set(ValueType& v, double data) { return v.SetDouble(data); }
        -:  577:    static ValueType& Set(ValueType& v, double data, typename ValueType::AllocatorType&) { return v.SetDouble(data); }
        -:  578:};
        -:  579:
        -:  580:template<typename ValueType> 
        -:  581:struct TypeHelper<ValueType, float> {
        -:  582:    static bool Is(const ValueType& v) { return v.IsFloat(); }
        -:  583:    static float Get(const ValueType& v) { return v.GetFloat(); }
        -:  584:    static ValueType& Set(ValueType& v, float data) { return v.SetFloat(data); }
        -:  585:    static ValueType& Set(ValueType& v, float data, typename ValueType::AllocatorType&) { return v.SetFloat(data); }
        -:  586:};
        -:  587:
        -:  588:template<typename ValueType> 
        -:  589:struct TypeHelper<ValueType, const typename ValueType::Ch*> {
        -:  590:    typedef const typename ValueType::Ch* StringType;
        -:  591:    static bool Is(const ValueType& v) { return v.IsString(); }
        -:  592:    static StringType Get(const ValueType& v) { return v.GetString(); }
        -:  593:    static ValueType& Set(ValueType& v, const StringType data) { return v.SetString(typename ValueType::StringRefType(data)); }
        -:  594:    static ValueType& Set(ValueType& v, const StringType data, typename ValueType::AllocatorType& a) { return v.SetString(data, a); }
        -:  595:};
        -:  596:
        -:  597:#if RAPIDJSON_HAS_STDSTRING
        -:  598:template<typename ValueType> 
        -:  599:struct TypeHelper<ValueType, std::basic_string<typename ValueType::Ch> > {
        -:  600:    typedef std::basic_string<typename ValueType::Ch> StringType;
        -:  601:    static bool Is(const ValueType& v) { return v.IsString(); }
        -:  602:    static StringType Get(const ValueType& v) { return StringType(v.GetString(), v.GetStringLength()); }
        -:  603:    static ValueType& Set(ValueType& v, const StringType& data, typename ValueType::AllocatorType& a) { return v.SetString(data, a); }
        -:  604:};
        -:  605:#endif
        -:  606:
        -:  607:template<typename ValueType> 
        -:  608:struct TypeHelper<ValueType, typename ValueType::Array> {
        -:  609:    typedef typename ValueType::Array ArrayType;
        -:  610:    static bool Is(const ValueType& v) { return v.IsArray(); }
        -:  611:    static ArrayType Get(ValueType& v) { return v.GetArray(); }
        -:  612:    static ValueType& Set(ValueType& v, ArrayType data) { return v = data; }
        -:  613:    static ValueType& Set(ValueType& v, ArrayType data, typename ValueType::AllocatorType&) { return v = data; }
        -:  614:};
        -:  615:
        -:  616:template<typename ValueType> 
        -:  617:struct TypeHelper<ValueType, typename ValueType::ConstArray> {
        -:  618:    typedef typename ValueType::ConstArray ArrayType;
        -:  619:    static bool Is(const ValueType& v) { return v.IsArray(); }
        -:  620:    static ArrayType Get(const ValueType& v) { return v.GetArray(); }
        -:  621:};
        -:  622:
        -:  623:template<typename ValueType> 
        -:  624:struct TypeHelper<ValueType, typename ValueType::Object> {
        -:  625:    typedef typename ValueType::Object ObjectType;
        -:  626:    static bool Is(const ValueType& v) { return v.IsObject(); }
        -:  627:    static ObjectType Get(ValueType& v) { return v.GetObject(); }
        -:  628:    static ValueType& Set(ValueType& v, ObjectType data) { return v = data; }
        -:  629:    static ValueType& Set(ValueType& v, ObjectType data, typename ValueType::AllocatorType&) { return v = data; }
        -:  630:};
        -:  631:
        -:  632:template<typename ValueType> 
        -:  633:struct TypeHelper<ValueType, typename ValueType::ConstObject> {
        -:  634:    typedef typename ValueType::ConstObject ObjectType;
        -:  635:    static bool Is(const ValueType& v) { return v.IsObject(); }
        -:  636:    static ObjectType Get(const ValueType& v) { return v.GetObject(); }
        -:  637:};
        -:  638:
        -:  639:} // namespace internal
        -:  640:
        -:  641:// Forward declarations
        -:  642:template <bool, typename> class GenericArray;
        -:  643:template <bool, typename> class GenericObject;
        -:  644:
        -:  645:///////////////////////////////////////////////////////////////////////////////
        -:  646:// GenericValue
        -:  647:
        -:  648://! Represents a JSON value. Use Value for UTF8 encoding and default allocator.
        -:  649:/*!
        -:  650:    A JSON value can be one of 7 types. This class is a variant type supporting
        -:  651:    these types.
        -:  652:
        -:  653:    Use the Value if UTF8 and default allocator
        -:  654:
        -:  655:    \tparam Encoding    Encoding of the value. (Even non-string values need to have the same encoding in a document)
        -:  656:    \tparam Allocator   Allocator type for allocating memory of object, array and string.
        -:  657:*/
        -:  658:template <typename Encoding, typename Allocator = RAPIDJSON_DEFAULT_ALLOCATOR >
        -:  659:class GenericValue {
        -:  660:public:
        -:  661:    //! Name-value pair in an object.
        -:  662:    typedef GenericMember<Encoding, Allocator> Member;
        -:  663:    typedef Encoding EncodingType;                  //!< Encoding type from template parameter.
        -:  664:    typedef Allocator AllocatorType;                //!< Allocator type from template parameter.
        -:  665:    typedef typename Encoding::Ch Ch;               //!< Character type derived from Encoding.
        -:  666:    typedef GenericStringRef<Ch> StringRefType;     //!< Reference to a constant string
        -:  667:    typedef typename GenericMemberIterator<false,Encoding,Allocator>::Iterator MemberIterator;  //!< Member iterator for iterating in object.
        -:  668:    typedef typename GenericMemberIterator<true,Encoding,Allocator>::Iterator ConstMemberIterator;  //!< Constant member iterator for iterating in object.
        -:  669:    typedef GenericValue* ValueIterator;            //!< Value iterator for iterating in array.
        -:  670:    typedef const GenericValue* ConstValueIterator; //!< Constant value iterator for iterating in array.
        -:  671:    typedef GenericValue<Encoding, Allocator> ValueType;    //!< Value type of itself.
        -:  672:    typedef GenericArray<false, ValueType> Array;
        -:  673:    typedef GenericArray<true, ValueType> ConstArray;
        -:  674:    typedef GenericObject<false, ValueType> Object;
        -:  675:    typedef GenericObject<true, ValueType> ConstObject;
        -:  676:
        -:  677:    //!@name Constructors and destructor.
        -:  678:    //@{
        -:  679:
        -:  680:    //! Default constructor creates a null value.
function _ZN9rapidjson12GenericValueINS_4UTF8IcEENS_19MemoryPoolAllocatorINS_12CrtAllocatorEEEEC2Ev called 70 returned 100% blocks executed 100%
       70:  681:    GenericValue() RAPIDJSON_NOEXCEPT : data_() { data_.f.flags = kNullFlag; }
        -:  682:
        -:  683:#if RAPIDJSON_HAS_CXX11_RVALUE_REFS
        -:  684:    //! Move constructor in C++11
        -:  685:    GenericValue(GenericValue&& rhs) RAPIDJSON_NOEXCEPT : data_(rhs.data_) {
        -:  686:        rhs.data_.f.flags = kNullFlag; // give up contents
        -:  687:    }
        -:  688:#endif
        -:  689:
        -:  690:private:
        -:  691:    //! Copy constructor is not permitted.
        -:  692:    GenericValue(const GenericValue& rhs);
        -:  693:
        -:  694:#if RAPIDJSON_HAS_CXX11_RVALUE_REFS
        -:  695:    //! Moving from a GenericDocument is not permitted.
        -:  696:    template <typename StackAllocator>
        -:  697:    GenericValue(GenericDocument<Encoding,Allocator,StackAllocator>&& rhs);
        -:  698:
        -:  699:    //! Move assignment from a GenericDocument is not permitted.
        -:  700:    template <typename StackAllocator>
        -:  701:    GenericValue& operator=(GenericDocument<Encoding,Allocator,StackAllocator>&& rhs);
        -:  702:#endif
        -:  703:
        -:  704:public:
        -:  705:
        -:  706:    //! Constructor with JSON value type.
        -:  707:    /*! This creates a Value of specified type with default content.
        -:  708:        \param type Type of the value.
        -:  709:        \note Default content for number is zero.
        -:  710:    */
function _ZN9rapidjson12GenericValueINS_4UTF8IcEENS_19MemoryPoolAllocatorINS_12CrtAllocatorEEEEC2ENS_4TypeE called 3167 returned 100% blocks executed 71%
     3167:  711:    explicit GenericValue(Type type) RAPIDJSON_NOEXCEPT : data_() {
        -:  712:        static const uint16_t defaultFlags[] = {
        -:  713:            kNullFlag, kFalseFlag, kTrueFlag, kObjectFlag, kArrayFlag, kShortStringFlag,
        -:  714:            kNumberAnyFlag
        -:  715:        };
    3167*:  716:        RAPIDJSON_NOEXCEPT_ASSERT(type >= kNullType && type <= kNumberType);
     3167:  716-block  0
branch  0 taken 3167 (fallthrough)
branch  1 taken 0
     3167:  716-block  1
branch  2 taken 3167 (fallthrough)
branch  3 taken 0
    %%%%%:  716-block  2
call    4 never executed
     3167:  717:        data_.f.flags = defaultFlags[type];
        -:  718:
        -:  719:        // Use ShortString to store empty string.
     3167:  720:        if (type == kStringType)
     3167:  720-block  0
branch  0 taken 0 (fallthrough)
branch  1 taken 3167
    #####:  721:            data_.ss.SetLength(0);
    %%%%%:  721-block  0
call    0 never executed
     3167:  722:    }
        -:  723:
        -:  724:    //! Explicit copy constructor (with allocator)
        -:  725:    /*! Creates a copy of a Value by using the given Allocator
        -:  726:        \tparam SourceAllocator allocator of \c rhs
        -:  727:        \param rhs Value to copy from (read-only)
        -:  728:        \param allocator Allocator for allocating copied elements and buffers. Commonly use GenericDocument::GetAllocator().
        -:  729:        \param copyConstStrings Force copying of constant strings (e.g. referencing an in-situ buffer)
        -:  730:        \see CopyFrom()
        -:  731:    */
        -:  732:    template <typename SourceAllocator>
        -:  733:    GenericValue(const GenericValue<Encoding,SourceAllocator>& rhs, Allocator& allocator, bool copyConstStrings = false) {
        -:  734:        switch (rhs.GetType()) {
        -:  735:        case kObjectType:
        -:  736:            DoCopyMembers(rhs, allocator, copyConstStrings);
        -:  737:            break;
        -:  738:        case kArrayType: {
        -:  739:                SizeType count = rhs.data_.a.size;
        -:  740:                GenericValue* le = reinterpret_cast<GenericValue*>(allocator.Malloc(count * sizeof(GenericValue)));
        -:  741:                const GenericValue<Encoding,SourceAllocator>* re = rhs.GetElementsPointer();
        -:  742:                for (SizeType i = 0; i < count; i++)
        -:  743:                    new (&le[i]) GenericValue(re[i], allocator, copyConstStrings);
        -:  744:                data_.f.flags = kArrayFlag;
        -:  745:                data_.a.size = data_.a.capacity = count;
        -:  746:                SetElementsPointer(le);
        -:  747:            }
        -:  748:            break;
        -:  749:        case kStringType:
        -:  750:            if (rhs.data_.f.flags == kConstStringFlag && !copyConstStrings) {
        -:  751:                data_.f.flags = rhs.data_.f.flags;
        -:  752:                data_  = *reinterpret_cast<const Data*>(&rhs.data_);
        -:  753:            }
        -:  754:            else
        -:  755:                SetStringRaw(StringRef(rhs.GetString(), rhs.GetStringLength()), allocator);
        -:  756:            break;
        -:  757:        default:
        -:  758:            data_.f.flags = rhs.data_.f.flags;
        -:  759:            data_  = *reinterpret_cast<const Data*>(&rhs.data_);
        -:  760:            break;
        -:  761:        }
        -:  762:    }
        -:  763:
        -:  764:    //! Constructor for boolean value.
        -:  765:    /*! \param b Boolean value
        -:  766:        \note This constructor is limited to \em real boolean values and rejects
        -:  767:            implicitly converted types like arbitrary pointers.  Use an explicit cast
        -:  768:            to \c bool, if you want to construct a boolean JSON value in such cases.
        -:  769:     */
        -:  770:#ifndef RAPIDJSON_DOXYGEN_RUNNING // hide SFINAE from Doxygen
        -:  771:    template <typename T>
function _ZN9rapidjson12GenericValueINS_4UTF8IcEENS_19MemoryPoolAllocatorINS_12CrtAllocatorEEEEC2IbEET_PNS_8internal8EnableIfINS9_15RemoveSfinaeTagIPFRNS9_9SfinaeTagENS9_6IsSameIbS8_EEEE4TypeEvE4TypeE called 0 returned 0% blocks executed 0%
    #####:  772:    explicit GenericValue(T b, RAPIDJSON_ENABLEIF((internal::IsSame<bool, T>))) RAPIDJSON_NOEXCEPT  // See #472
        -:  773:#else
        -:  774:    explicit GenericValue(bool b) RAPIDJSON_NOEXCEPT
        -:  775:#endif
    #####:  776:        : data_() {
        -:  777:            // safe-guard against failing SFINAE
        -:  778:            RAPIDJSON_STATIC_ASSERT((internal::IsSame<bool,T>::Value));
    #####:  779:            data_.f.flags = b ? kTrueFlag : kFalseFlag;
    %%%%%:  779-block  0
branch  0 never executed
branch  1 never executed
    %%%%%:  779-block  1
    %%%%%:  779-block  2
    #####:  780:    }
        -:  781:
        -:  782:    //! Constructor for int value.
function _ZN9rapidjson12GenericValueINS_4UTF8IcEENS_19MemoryPoolAllocatorINS_12CrtAllocatorEEEEC2Ei called 0 returned 0% blocks executed 0%
    #####:  783:    explicit GenericValue(int i) RAPIDJSON_NOEXCEPT : data_() {
    #####:  784:        data_.n.i64 = i;
    #####:  785:        data_.f.flags = (i >= 0) ? (kNumberIntFlag | kUintFlag | kUint64Flag) : kNumberIntFlag;
    %%%%%:  785-block  0
branch  0 never executed
branch  1 never executed
    %%%%%:  785-block  1
    %%%%%:  785-block  2
    #####:  786:    }
        -:  787:
        -:  788:    //! Constructor for unsigned value.
function _ZN9rapidjson12GenericValueINS_4UTF8IcEENS_19MemoryPoolAllocatorINS_12CrtAllocatorEEEEC2Ej called 847 returned 100% blocks executed 75%
      847:  789:    explicit GenericValue(unsigned u) RAPIDJSON_NOEXCEPT : data_() {
      847:  790:        data_.n.u64 = u; 
     847*:  791:        data_.f.flags = (u & 0x80000000) ? kNumberUintFlag : (kNumberUintFlag | kIntFlag | kInt64Flag);
      847:  791-block  0
branch  0 taken 0 (fallthrough)
branch  1 taken 847
    %%%%%:  791-block  1
      847:  791-block  2
      847:  792:    }
        -:  793:
        -:  794:    //! Constructor for int64_t value.
function _ZN9rapidjson12GenericValueINS_4UTF8IcEENS_19MemoryPoolAllocatorINS_12CrtAllocatorEEEEC2El called 0 returned 0% blocks executed 0%
    #####:  795:    explicit GenericValue(int64_t i64) RAPIDJSON_NOEXCEPT : data_() {
    #####:  796:        data_.n.i64 = i64;
    #####:  797:        data_.f.flags = kNumberInt64Flag;
    #####:  798:        if (i64 >= 0) {
    %%%%%:  798-block  0
branch  0 never executed
branch  1 never executed
    #####:  799:            data_.f.flags |= kNumberUint64Flag;
    #####:  800:            if (!(static_cast<uint64_t>(i64) & RAPIDJSON_UINT64_C2(0xFFFFFFFF, 0x00000000)))
    %%%%%:  800-block  0
branch  0 never executed
branch  1 never executed
    #####:  801:                data_.f.flags |= kUintFlag;
    %%%%%:  801-block  0
    #####:  802:            if (!(static_cast<uint64_t>(i64) & RAPIDJSON_UINT64_C2(0xFFFFFFFF, 0x80000000)))
    %%%%%:  802-block  0
branch  0 never executed
branch  1 never executed
    #####:  803:                data_.f.flags |= kIntFlag;
    %%%%%:  803-block  0
        -:  804:        }
    #####:  805:        else if (i64 >= static_cast<int64_t>(RAPIDJSON_UINT64_C2(0xFFFFFFFF, 0x80000000)))
    %%%%%:  805-block  0
branch  0 never executed
branch  1 never executed
    #####:  806:            data_.f.flags |= kIntFlag;
    %%%%%:  806-block  0
    #####:  807:    }
        -:  808:
        -:  809:    //! Constructor for uint64_t value.
function _ZN9rapidjson12GenericValueINS_4UTF8IcEENS_19MemoryPoolAllocatorINS_12CrtAllocatorEEEEC2Em called 0 returned 0% blocks executed 0%
    #####:  810:    explicit GenericValue(uint64_t u64) RAPIDJSON_NOEXCEPT : data_() {
    #####:  811:        data_.n.u64 = u64;
    #####:  812:        data_.f.flags = kNumberUint64Flag;
    #####:  813:        if (!(u64 & RAPIDJSON_UINT64_C2(0x80000000, 0x00000000)))
    %%%%%:  813-block  0
branch  0 never executed
branch  1 never executed
    #####:  814:            data_.f.flags |= kInt64Flag;
    %%%%%:  814-block  0
    #####:  815:        if (!(u64 & RAPIDJSON_UINT64_C2(0xFFFFFFFF, 0x00000000)))
    %%%%%:  815-block  0
branch  0 never executed
branch  1 never executed
    #####:  816:            data_.f.flags |= kUintFlag;
    %%%%%:  816-block  0
    #####:  817:        if (!(u64 & RAPIDJSON_UINT64_C2(0xFFFFFFFF, 0x80000000)))
    %%%%%:  817-block  0
branch  0 never executed
branch  1 never executed
    #####:  818:            data_.f.flags |= kIntFlag;
    %%%%%:  818-block  0
    #####:  819:    }
        -:  820:
        -:  821:    //! Constructor for double value.
function _ZN9rapidjson12GenericValueINS_4UTF8IcEENS_19MemoryPoolAllocatorINS_12CrtAllocatorEEEEC2Ed called 0 returned 0% blocks executed 0%
    #####:  822:    explicit GenericValue(double d) RAPIDJSON_NOEXCEPT : data_() { data_.n.d = d; data_.f.flags = kNumberDoubleFlag; }
        -:  823:
        -:  824:    //! Constructor for float value.
        -:  825:    explicit GenericValue(float f) RAPIDJSON_NOEXCEPT : data_() { data_.n.d = static_cast<double>(f); data_.f.flags = kNumberDoubleFlag; }
        -:  826:
        -:  827:    //! Constructor for constant string (i.e. do not make a copy of string)
function _ZN9rapidjson12GenericValueINS_4UTF8IcEENS_19MemoryPoolAllocatorINS_12CrtAllocatorEEEEC2EPKcj called 0 returned 0% blocks executed 0%
    #####:  828:    GenericValue(const Ch* s, SizeType length) RAPIDJSON_NOEXCEPT : data_() { SetStringRaw(StringRef(s, length)); }
    %%%%%:  828-block  0
call    0 never executed
call    1 never executed
        -:  829:
        -:  830:    //! Constructor for constant string (i.e. do not make a copy of string)
function _ZN9rapidjson12GenericValueINS_4UTF8IcEENS_19MemoryPoolAllocatorINS_12CrtAllocatorEEEEC2ENS_16GenericStringRefIcEE called 249 returned 100% blocks executed 100%
      249:  831:    explicit GenericValue(StringRefType s) RAPIDJSON_NOEXCEPT : data_() { SetStringRaw(s); }
      249:  831-block  0
call    0 returned 249
call    1 returned 249
        -:  832:
        -:  833:    //! Constructor for copy-string (i.e. do make a copy of string)
function _ZN9rapidjson12GenericValueINS_4UTF8IcEENS_19MemoryPoolAllocatorINS_12CrtAllocatorEEEEC2EPKcjRS5_ called 12824 returned 100% blocks executed 100%
    12824:  834:    GenericValue(const Ch* s, SizeType length, Allocator& allocator) : data_() { SetStringRaw(StringRef(s, length), allocator); }
    12824:  834-block  0
call    0 returned 12824
call    1 returned 12824
branch  2 taken 12824 (fallthrough)
branch  3 taken 0 (throw)
    12824:  834-block  1
        -:  835:
        -:  836:    //! Constructor for copy-string (i.e. do make a copy of string)
        -:  837:    GenericValue(const Ch*s, Allocator& allocator) : data_() { SetStringRaw(StringRef(s), allocator); }
        -:  838:
        -:  839:#if RAPIDJSON_HAS_STDSTRING
        -:  840:    //! Constructor for copy-string from a string object (i.e. do make a copy of string)
        -:  841:    /*! \note Requires the definition of the preprocessor symbol \ref RAPIDJSON_HAS_STDSTRING.
        -:  842:     */
        -:  843:    GenericValue(const std::basic_string<Ch>& s, Allocator& allocator) : data_() { SetStringRaw(StringRef(s), allocator); }
        -:  844:#endif
        -:  845:
        -:  846:    //! Constructor for Array.
        -:  847:    /*!
        -:  848:        \param a An array obtained by \c GetArray().
        -:  849:        \note \c Array is always pass-by-value.
        -:  850:        \note the source array is moved into this value and the sourec array becomes empty.
        -:  851:    */
        -:  852:    GenericValue(Array a) RAPIDJSON_NOEXCEPT : data_(a.value_.data_) {
        -:  853:        a.value_.data_ = Data();
        -:  854:        a.value_.data_.f.flags = kArrayFlag;
        -:  855:    }
        -:  856:
        -:  857:    //! Constructor for Object.
        -:  858:    /*!
        -:  859:        \param o An object obtained by \c GetObject().
        -:  860:        \note \c Object is always pass-by-value.
        -:  861:        \note the source object is moved into this value and the sourec object becomes empty.
        -:  862:    */
        -:  863:    GenericValue(Object o) RAPIDJSON_NOEXCEPT : data_(o.value_.data_) {
        -:  864:        o.value_.data_ = Data();
        -:  865:        o.value_.data_.f.flags = kObjectFlag;
        -:  866:    }
        -:  867:
        -:  868:    //! Destructor.
        -:  869:    /*! Need to destruct elements of array, members of object, or copy-string.
        -:  870:    */
function _ZN9rapidjson12GenericValueINS_4UTF8IcEENS_19MemoryPoolAllocatorINS_12CrtAllocatorEEEED2Ev called 269 returned 100% blocks executed 100%
      269:  871:    ~GenericValue() {
      269:  871-block  0
        -:  872:        // With RAPIDJSON_USE_MEMBERSMAP, the maps need to be destroyed to release
        -:  873:        // their Allocator if it's refcounted (e.g. MemoryPoolAllocator).
        -:  874:        if (Allocator::kNeedFree || (RAPIDJSON_USE_MEMBERSMAP+0 &&
        -:  875:                                     internal::IsRefCounted<Allocator>::Value)) {
        -:  876:            switch(data_.f.flags) {
        -:  877:            case kArrayFlag:
        -:  878:                {
        -:  879:                    GenericValue* e = GetElementsPointer();
        -:  880:                    for (GenericValue* v = e; v != e + data_.a.size; ++v)
        -:  881:                        v->~GenericValue();
        -:  882:                    if (Allocator::kNeedFree) { // Shortcut by Allocator's trait
        -:  883:                        Allocator::Free(e);
        -:  884:                    }
        -:  885:                }
        -:  886:                break;
        -:  887:
        -:  888:            case kObjectFlag:
        -:  889:                DoFreeMembers();
        -:  890:                break;
        -:  891:
        -:  892:            case kCopyStringFlag:
        -:  893:                if (Allocator::kNeedFree) { // Shortcut by Allocator's trait
        -:  894:                    Allocator::Free(const_cast<Ch*>(GetStringPointer()));
        -:  895:                }
        -:  896:                break;
        -:  897:
        -:  898:            default:
        -:  899:                break;  // Do nothing for other types.
        -:  900:            }
        -:  901:        }
      269:  902:    }
        -:  903:
        -:  904:    //@}
        -:  905:
        -:  906:    //!@name Assignment operators
        -:  907:    //@{
        -:  908:
        -:  909:    //! Assignment with move semantics.
        -:  910:    /*! \param rhs Source of the assignment. It will become a null value after assignment.
        -:  911:    */
function _ZN9rapidjson12GenericValueINS_4UTF8IcEENS_19MemoryPoolAllocatorINS_12CrtAllocatorEEEEaSERS6_ called 5 returned 100% blocks executed 100%
        5:  912:    GenericValue& operator=(GenericValue& rhs) RAPIDJSON_NOEXCEPT {
        5:  913:        if (RAPIDJSON_LIKELY(this != &rhs)) {
        5:  913-block  0
branch  0 taken 5 (fallthrough)
branch  1 taken 0
        -:  914:            // Can't destroy "this" before assigning "rhs", otherwise "rhs"
        -:  915:            // could be used after free if it's an sub-Value of "this",
        -:  916:            // hence the temporary danse.
       10:  917:            GenericValue temp;
        5:  917-block  0
call    0 returned 5
call    1 returned 5
        5:  918:            temp.RawAssign(rhs);
call    0 returned 5
        5:  919:            this->~GenericValue();
call    0 returned 5
        5:  920:            RawAssign(temp);
call    0 returned 5
        -:  921:        }
        5:  922:        return *this;
        5:  922-block  0
        -:  923:    }
        -:  924:
        -:  925:#if RAPIDJSON_HAS_CXX11_RVALUE_REFS
        -:  926:    //! Move assignment in C++11
        -:  927:    GenericValue& operator=(GenericValue&& rhs) RAPIDJSON_NOEXCEPT {
        -:  928:        return *this = rhs.Move();
        -:  929:    }
        -:  930:#endif
        -:  931:
        -:  932:    //! Assignment of constant string reference (no copy)
        -:  933:    /*! \param str Constant string reference to be assigned
        -:  934:        \note This overload is needed to avoid clashes with the generic primitive type assignment overload below.
        -:  935:        \see GenericStringRef, operator=(T)
        -:  936:    */
        -:  937:    GenericValue& operator=(StringRefType str) RAPIDJSON_NOEXCEPT {
        -:  938:        GenericValue s(str);
        -:  939:        return *this = s;
        -:  940:    }
        -:  941:
        -:  942:    //! Assignment with primitive types.
        -:  943:    /*! \tparam T Either \ref Type, \c int, \c unsigned, \c int64_t, \c uint64_t
        -:  944:        \param value The value to be assigned.
        -:  945:
        -:  946:        \note The source type \c T explicitly disallows all pointer types,
        -:  947:            especially (\c const) \ref Ch*.  This helps avoiding implicitly
        -:  948:            referencing character strings with insufficient lifetime, use
        -:  949:            \ref SetString(const Ch*, Allocator&) (for copying) or
        -:  950:            \ref StringRef() (to explicitly mark the pointer as constant) instead.
        -:  951:            All other pointer types would implicitly convert to \c bool,
        -:  952:            use \ref SetBool() instead.
        -:  953:    */
        -:  954:    template <typename T>
        -:  955:    RAPIDJSON_DISABLEIF_RETURN((internal::IsPointer<T>), (GenericValue&))
        -:  956:    operator=(T value) {
        -:  957:        GenericValue v(value);
        -:  958:        return *this = v;
        -:  959:    }
        -:  960:
        -:  961:    //! Deep-copy assignment from Value
        -:  962:    /*! Assigns a \b copy of the Value to the current Value object
        -:  963:        \tparam SourceAllocator Allocator type of \c rhs
        -:  964:        \param rhs Value to copy from (read-only)
        -:  965:        \param allocator Allocator to use for copying
        -:  966:        \param copyConstStrings Force copying of constant strings (e.g. referencing an in-situ buffer)
        -:  967:     */
        -:  968:    template <typename SourceAllocator>
        -:  969:    GenericValue& CopyFrom(const GenericValue<Encoding, SourceAllocator>& rhs, Allocator& allocator, bool copyConstStrings = false) {
        -:  970:        RAPIDJSON_ASSERT(static_cast<void*>(this) != static_cast<void const*>(&rhs));
        -:  971:        this->~GenericValue();
        -:  972:        new (this) GenericValue(rhs, allocator, copyConstStrings);
        -:  973:        return *this;
        -:  974:    }
        -:  975:
        -:  976:    //! Exchange the contents of this value with those of other.
        -:  977:    /*!
        -:  978:        \param other Another value.
        -:  979:        \note Constant complexity.
        -:  980:    */
        -:  981:    GenericValue& Swap(GenericValue& other) RAPIDJSON_NOEXCEPT {
        -:  982:        GenericValue temp;
        -:  983:        temp.RawAssign(*this);
        -:  984:        RawAssign(other);
        -:  985:        other.RawAssign(temp);
        -:  986:        return *this;
        -:  987:    }
        -:  988:
        -:  989:    //! free-standing swap function helper
        -:  990:    /*!
        -:  991:        Helper function to enable support for common swap implementation pattern based on \c std::swap:
        -:  992:        \code
        -:  993:        void swap(MyClass& a, MyClass& b) {
        -:  994:            using std::swap;
        -:  995:            swap(a.value, b.value);
        -:  996:            // ...
        -:  997:        }
        -:  998:        \endcode
        -:  999:        \see Swap()
        -: 1000:     */
        -: 1001:    friend inline void swap(GenericValue& a, GenericValue& b) RAPIDJSON_NOEXCEPT { a.Swap(b); }
        -: 1002:
        -: 1003:    //! Prepare Value for move semantics
        -: 1004:    /*! \return *this */
        -: 1005:    GenericValue& Move() RAPIDJSON_NOEXCEPT { return *this; }
        -: 1006:    //@}
        -: 1007:
        -: 1008:    //!@name Equal-to and not-equal-to operators
        -: 1009:    //@{
        -: 1010:    //! Equal-to operator
        -: 1011:    /*!
        -: 1012:        \note If an object contains duplicated named member, comparing equality with any object is always \c false.
        -: 1013:        \note Complexity is quadratic in Object's member number and linear for the rest (number of all values in the subtree and total lengths of all strings).
        -: 1014:    */
        -: 1015:    template <typename SourceAllocator>
        -: 1016:    bool operator==(const GenericValue<Encoding, SourceAllocator>& rhs) const {
        -: 1017:        typedef GenericValue<Encoding, SourceAllocator> RhsType;
        -: 1018:        if (GetType() != rhs.GetType())
        -: 1019:            return false;
        -: 1020:
        -: 1021:        switch (GetType()) {
        -: 1022:        case kObjectType: // Warning: O(n^2) inner-loop
        -: 1023:            if (data_.o.size != rhs.data_.o.size)
        -: 1024:                return false;           
        -: 1025:            for (ConstMemberIterator lhsMemberItr = MemberBegin(); lhsMemberItr != MemberEnd(); ++lhsMemberItr) {
        -: 1026:                typename RhsType::ConstMemberIterator rhsMemberItr = rhs.FindMember(lhsMemberItr->name);
        -: 1027:                if (rhsMemberItr == rhs.MemberEnd() || lhsMemberItr->value != rhsMemberItr->value)
        -: 1028:                    return false;
        -: 1029:            }
        -: 1030:            return true;
        -: 1031:            
        -: 1032:        case kArrayType:
        -: 1033:            if (data_.a.size != rhs.data_.a.size)
        -: 1034:                return false;
        -: 1035:            for (SizeType i = 0; i < data_.a.size; i++)
        -: 1036:                if ((*this)[i] != rhs[i])
        -: 1037:                    return false;
        -: 1038:            return true;
        -: 1039:
        -: 1040:        case kStringType:
        -: 1041:            return StringEqual(rhs);
        -: 1042:
        -: 1043:        case kNumberType:
        -: 1044:            if (IsDouble() || rhs.IsDouble()) {
        -: 1045:                double a = GetDouble();     // May convert from integer to double.
        -: 1046:                double b = rhs.GetDouble(); // Ditto
        -: 1047:                return a >= b && a <= b;    // Prevent -Wfloat-equal
        -: 1048:            }
        -: 1049:            else
        -: 1050:                return data_.n.u64 == rhs.data_.n.u64;
        -: 1051:
        -: 1052:        default:
        -: 1053:            return true;
        -: 1054:        }
        -: 1055:    }
        -: 1056:
        -: 1057:    //! Equal-to operator with const C-string pointer
        -: 1058:    bool operator==(const Ch* rhs) const { return *this == GenericValue(StringRef(rhs)); }
        -: 1059:
        -: 1060:#if RAPIDJSON_HAS_STDSTRING
        -: 1061:    //! Equal-to operator with string object
        -: 1062:    /*! \note Requires the definition of the preprocessor symbol \ref RAPIDJSON_HAS_STDSTRING.
        -: 1063:     */
        -: 1064:    bool operator==(const std::basic_string<Ch>& rhs) const { return *this == GenericValue(StringRef(rhs)); }
        -: 1065:#endif
        -: 1066:
        -: 1067:    //! Equal-to operator with primitive types
        -: 1068:    /*! \tparam T Either \ref Type, \c int, \c unsigned, \c int64_t, \c uint64_t, \c double, \c true, \c false
        -: 1069:    */
        -: 1070:    template <typename T> RAPIDJSON_DISABLEIF_RETURN((internal::OrExpr<internal::IsPointer<T>,internal::IsGenericValue<T> >), (bool)) operator==(const T& rhs) const { return *this == GenericValue(rhs); }
        -: 1071:
        -: 1072:    //! Not-equal-to operator
        -: 1073:    /*! \return !(*this == rhs)
        -: 1074:     */
        -: 1075:    template <typename SourceAllocator>
        -: 1076:    bool operator!=(const GenericValue<Encoding, SourceAllocator>& rhs) const { return !(*this == rhs); }
        -: 1077:
        -: 1078:    //! Not-equal-to operator with const C-string pointer
        -: 1079:    bool operator!=(const Ch* rhs) const { return !(*this == rhs); }
        -: 1080:
        -: 1081:    //! Not-equal-to operator with arbitrary types
        -: 1082:    /*! \return !(*this == rhs)
        -: 1083:     */
        -: 1084:    template <typename T> RAPIDJSON_DISABLEIF_RETURN((internal::IsGenericValue<T>), (bool)) operator!=(const T& rhs) const { return !(*this == rhs); }
        -: 1085:
        -: 1086:#ifndef __cpp_lib_three_way_comparison
        -: 1087:    //! Equal-to operator with arbitrary types (symmetric version)
        -: 1088:    /*! \return (rhs == lhs)
        -: 1089:     */
        -: 1090:    template <typename T> friend RAPIDJSON_DISABLEIF_RETURN((internal::IsGenericValue<T>), (bool)) operator==(const T& lhs, const GenericValue& rhs) { return rhs == lhs; }
        -: 1091:
        -: 1092:    //! Not-Equal-to operator with arbitrary types (symmetric version)
        -: 1093:    /*! \return !(rhs == lhs)
        -: 1094:     */
        -: 1095:    template <typename T> friend RAPIDJSON_DISABLEIF_RETURN((internal::IsGenericValue<T>), (bool)) operator!=(const T& lhs, const GenericValue& rhs) { return !(rhs == lhs); }
        -: 1096:    //@}
        -: 1097:#endif
        -: 1098:
        -: 1099:    //!@name Type
        -: 1100:    //@{
        -: 1101:
        -: 1102:    Type GetType()  const { return static_cast<Type>(data_.f.flags & kTypeMask); }
        -: 1103:    bool IsNull()   const { return data_.f.flags == kNullFlag; }
        -: 1104:    bool IsFalse()  const { return data_.f.flags == kFalseFlag; }
        -: 1105:    bool IsTrue()   const { return data_.f.flags == kTrueFlag; }
        -: 1106:    bool IsBool()   const { return (data_.f.flags & kBoolFlag) != 0; }
function _ZNK9rapidjson12GenericValueINS_4UTF8IcEENS_19MemoryPoolAllocatorINS_12CrtAllocatorEEEE8IsObjectEv called 1216 returned 100% blocks executed 100%
     1216: 1107:    bool IsObject() const { return data_.f.flags == kObjectFlag; }
     1216: 1107-block  0
function _ZNK9rapidjson12GenericValueINS_4UTF8IcEENS_19MemoryPoolAllocatorINS_12CrtAllocatorEEEE7IsArrayEv called 55 returned 100% blocks executed 100%
       55: 1108:    bool IsArray()  const { return data_.f.flags == kArrayFlag; }
       55: 1108-block  0
        -: 1109:    bool IsNumber() const { return (data_.f.flags & kNumberFlag) != 0; }
        -: 1110:    bool IsInt()    const { return (data_.f.flags & kIntFlag) != 0; }
        -: 1111:    bool IsUint()   const { return (data_.f.flags & kUintFlag) != 0; }
        -: 1112:    bool IsInt64()  const { return (data_.f.flags & kInt64Flag) != 0; }
        -: 1113:    bool IsUint64() const { return (data_.f.flags & kUint64Flag) != 0; }
        -: 1114:    bool IsDouble() const { return (data_.f.flags & kDoubleFlag) != 0; }
function _ZNK9rapidjson12GenericValueINS_4UTF8IcEENS_19MemoryPoolAllocatorINS_12CrtAllocatorEEEE8IsStringEv called 2822 returned 100% blocks executed 100%
     2822: 1115:    bool IsString() const { return (data_.f.flags & kStringFlag) != 0; }
     2822: 1115-block  0
        -: 1116:
        -: 1117:    // Checks whether a number can be losslessly converted to a double.
        -: 1118:    bool IsLosslessDouble() const {
        -: 1119:        if (!IsNumber()) return false;
        -: 1120:        if (IsUint64()) {
        -: 1121:            uint64_t u = GetUint64();
        -: 1122:            volatile double d = static_cast<double>(u);
        -: 1123:            return (d >= 0.0)
        -: 1124:                && (d < static_cast<double>((std::numeric_limits<uint64_t>::max)()))
        -: 1125:                && (u == static_cast<uint64_t>(d));
        -: 1126:        }
        -: 1127:        if (IsInt64()) {
        -: 1128:            int64_t i = GetInt64();
        -: 1129:            volatile double d = static_cast<double>(i);
        -: 1130:            return (d >= static_cast<double>((std::numeric_limits<int64_t>::min)()))
        -: 1131:                && (d < static_cast<double>((std::numeric_limits<int64_t>::max)()))
        -: 1132:                && (i == static_cast<int64_t>(d));
        -: 1133:        }
        -: 1134:        return true; // double, int, uint are always lossless
        -: 1135:    }
        -: 1136:
        -: 1137:    // Checks whether a number is a float (possible lossy).
        -: 1138:    bool IsFloat() const  {
        -: 1139:        if ((data_.f.flags & kDoubleFlag) == 0)
        -: 1140:            return false;
        -: 1141:        double d = GetDouble();
        -: 1142:        return d >= -3.4028234e38 && d <= 3.4028234e38;
        -: 1143:    }
        -: 1144:    // Checks whether a number can be losslessly converted to a float.
        -: 1145:    bool IsLosslessFloat() const {
        -: 1146:        if (!IsNumber()) return false;
        -: 1147:        double a = GetDouble();
        -: 1148:        if (a < static_cast<double>(-(std::numeric_limits<float>::max)())
        -: 1149:                || a > static_cast<double>((std::numeric_limits<float>::max)()))
        -: 1150:            return false;
        -: 1151:        double b = static_cast<double>(static_cast<float>(a));
        -: 1152:        return a >= b && a <= b;    // Prevent -Wfloat-equal
        -: 1153:    }
        -: 1154:
        -: 1155:    //@}
        -: 1156:
        -: 1157:    //!@name Null
        -: 1158:    //@{
        -: 1159:
function _ZN9rapidjson12GenericValueINS_4UTF8IcEENS_19MemoryPoolAllocatorINS_12CrtAllocatorEEEE7SetNullEv called 5 returned 100% blocks executed 100%
       10: 1160:    GenericValue& SetNull() { this->~GenericValue(); new (this) GenericValue(); return *this; }
        5: 1160-block  0
call    0 returned 5
call    1 returned 5
        -: 1161:
        -: 1162:    //@}
        -: 1163:
        -: 1164:    //!@name Bool
        -: 1165:    //@{
        -: 1166:
        -: 1167:    bool GetBool() const { RAPIDJSON_ASSERT(IsBool()); return data_.f.flags == kTrueFlag; }
        -: 1168:    //!< Set boolean value
        -: 1169:    /*! \post IsBool() == true */
        -: 1170:    GenericValue& SetBool(bool b) { this->~GenericValue(); new (this) GenericValue(b); return *this; }
        -: 1171:
        -: 1172:    //@}
        -: 1173:
        -: 1174:    //!@name Object
        -: 1175:    //@{
        -: 1176:
        -: 1177:    //! Set this value as an empty object.
        -: 1178:    /*! \post IsObject() == true */
        -: 1179:    GenericValue& SetObject() { this->~GenericValue(); new (this) GenericValue(kObjectType); return *this; }
        -: 1180:
        -: 1181:    //! Get the number of members in the object.
        -: 1182:    SizeType MemberCount() const { RAPIDJSON_ASSERT(IsObject()); return data_.o.size; }
        -: 1183:
        -: 1184:    //! Get the capacity of object.
        -: 1185:    SizeType MemberCapacity() const { RAPIDJSON_ASSERT(IsObject()); return data_.o.capacity; }
        -: 1186:
        -: 1187:    //! Check whether the object is empty.
        -: 1188:    bool ObjectEmpty() const { RAPIDJSON_ASSERT(IsObject()); return data_.o.size == 0; }
        -: 1189:
        -: 1190:    //! Get a value from an object associated with the name.
        -: 1191:    /*! \pre IsObject() == true
        -: 1192:        \tparam T Either \c Ch or \c const \c Ch (template used for disambiguation with \ref operator[](SizeType))
        -: 1193:        \note In version 0.1x, if the member is not found, this function returns a null value. This makes issue 7.
        -: 1194:        Since 0.2, if the name is not correct, it will assert.
        -: 1195:        If user is unsure whether a member exists, user should use HasMember() first.
        -: 1196:        A better approach is to use FindMember().
        -: 1197:        \note Linear time complexity.
        -: 1198:    */
        -: 1199:    template <typename T>
function _ZN9rapidjson12GenericValueINS_4UTF8IcEENS_19MemoryPoolAllocatorINS_12CrtAllocatorEEEEixIKcEENS_8internal9DisableIfINS9_15RemoveSfinaeTagIPFRNS9_9SfinaeTagENS9_7NotExprINS9_6IsSameINS9_11RemoveConstIT_E4TypeEcEEEEEE4TypeERS6_E4TypeEPSH_ called 249 returned 100% blocks executed 80%
      249: 1200:    RAPIDJSON_DISABLEIF_RETURN((internal::NotExpr<internal::IsSame<typename internal::RemoveConst<T>::Type, Ch> >),(GenericValue&)) operator[](T* name) {
      498: 1201:        GenericValue n(StringRef(name));
      249: 1201-block  0
call    0 returned 249
branch  1 taken 249 (fallthrough)
branch  2 taken 0 (throw)
      249: 1201-block  1
call    3 returned 249
      249: 1201-block  2
call    4 returned 249
    $$$$$: 1201-block  3
call    5 never executed
      498: 1202:        return (*this)[n];
call    0 returned 249
branch  1 taken 249 (fallthrough)
branch  2 taken 0 (throw)
      249: 1202-block  0
      249: 1202-block  1
        -: 1203:    }
        -: 1204:    template <typename T>
        -: 1205:    RAPIDJSON_DISABLEIF_RETURN((internal::NotExpr<internal::IsSame<typename internal::RemoveConst<T>::Type, Ch> >),(const GenericValue&)) operator[](T* name) const { return const_cast<GenericValue&>(*this)[name]; }
        -: 1206:
        -: 1207:    //! Get a value from an object associated with the name.
        -: 1208:    /*! \pre IsObject() == true
        -: 1209:        \tparam SourceAllocator Allocator of the \c name value
        -: 1210:
        -: 1211:        \note Compared to \ref operator[](T*), this version is faster because it does not need a StrLen().
        -: 1212:        And it can also handle strings with embedded null characters.
        -: 1213:
        -: 1214:        \note Linear time complexity.
        -: 1215:    */
        -: 1216:    template <typename SourceAllocator>
function _ZN9rapidjson12GenericValueINS_4UTF8IcEENS_19MemoryPoolAllocatorINS_12CrtAllocatorEEEEixIS5_EERS6_RKNS0_IS2_T_EE called 249 returned 100% blocks executed 89%
      249: 1217:    GenericValue& operator[](const GenericValue<Encoding, SourceAllocator>& name) {
      249: 1218:        MemberIterator member = FindMember(name);
      249: 1218-block  0
call    0 returned 249
branch  1 taken 249 (fallthrough)
branch  2 taken 0 (throw)
      249: 1219:        if (member != MemberEnd())
      249: 1219-block  0
call    0 returned 249
branch  1 taken 249 (fallthrough)
branch  2 taken 0 (throw)
      249: 1219-block  1
call    3 returned 249
branch  4 taken 249 (fallthrough)
branch  5 taken 0
      249: 1220:            return member->value;
      249: 1220-block  0
call    0 returned 249
        -: 1221:        else {
    #####: 1222:            RAPIDJSON_ASSERT(false);    // see above note
    %%%%%: 1222-block  0
call    0 never executed
        -: 1223:
        -: 1224:            // This will generate -Wexit-time-destructors in clang
        -: 1225:            // static GenericValue NullValue;
        -: 1226:            // return NullValue;
        -: 1227:
        -: 1228:            // Use static buffer and placement-new to prevent destruction
        -: 1229:            static char buffer[sizeof(GenericValue)];
        -: 1230:            return *new (buffer) GenericValue();
        -: 1231:        }
        -: 1232:    }
        -: 1233:    template <typename SourceAllocator>
        -: 1234:    const GenericValue& operator[](const GenericValue<Encoding, SourceAllocator>& name) const { return const_cast<GenericValue&>(*this)[name]; }
        -: 1235:
        -: 1236:#if RAPIDJSON_HAS_STDSTRING
        -: 1237:    //! Get a value from an object associated with name (string object).
        -: 1238:    GenericValue& operator[](const std::basic_string<Ch>& name) { return (*this)[GenericValue(StringRef(name))]; }
        -: 1239:    const GenericValue& operator[](const std::basic_string<Ch>& name) const { return (*this)[GenericValue(StringRef(name))]; }
        -: 1240:#endif
        -: 1241:
        -: 1242:    //! Const member iterator
[...]
    #####: 2795:    bool Int(int i) { new (stack_.template Push<ValueType>()) ValueType(i); return true; }
    %%%%%: 2795-block  0
call    0 never executed
call    1 never executed
call    2 never executed
function _ZN9rapidjson15GenericDocumentINS_4UTF8IcEENS_19MemoryPoolAllocatorINS_12CrtAllocatorEEES4_E4UintEj called 847 returned 100% blocks executed 100%
      847: 2796:    bool Uint(unsigned i) { new (stack_.template Push<ValueType>()) ValueType(i); return true; }
      847: 2796-block  0
call    0 returned 847
call    1 returned 847
call    2 returned 847
function _ZN9rapidjson15GenericDocumentINS_4UTF8IcEENS_19MemoryPoolAllocatorINS_12CrtAllocatorEEES4_E5Int64El called 0 returned 0% blocks executed 0%
    #####: 2797:    bool Int64(int64_t i) { new (stack_.template Push<ValueType>()) ValueType(i); return true; }
    %%%%%: 2797-block  0
call    0 never executed
call    1 never executed
call    2 never executed
function _ZN9rapidjson15GenericDocumentINS_4UTF8IcEENS_19MemoryPoolAllocatorINS_12CrtAllocatorEEES4_E6Uint64Em called 0 returned 0% blocks executed 0%
    #####: 2798:    bool Uint64(uint64_t i) { new (stack_.template Push<ValueType>()) ValueType(i); return true; }
    %%%%%: 2798-block  0
call    0 never executed
call    1 never executed
call    2 never executed
function _ZN9rapidjson15GenericDocumentINS_4UTF8IcEENS_19MemoryPoolAllocatorINS_12CrtAllocatorEEES4_E6DoubleEd called 0 returned 0% blocks executed 0%
    #####: 2799:    bool Double(double d) { new (stack_.template Push<ValueType>()) ValueType(d); return true; }
    %%%%%: 2799-block  0
call    0 never executed
call    1 never executed
call    2 never executed
        -: 2800:
        -: 2801:    bool RawNumber(const Ch* str, SizeType length, bool copy) { 
        -: 2802:        if (copy) 
        -: 2803:            new (stack_.template Push<ValueType>()) ValueType(str, length, GetAllocator());
        -: 2804:        else
        -: 2805:            new (stack_.template Push<ValueType>()) ValueType(str, length);
        -: 2806:        return true;
        -: 2807:    }
        -: 2808:
function _ZN9rapidjson15GenericDocumentINS_4UTF8IcEENS_19MemoryPoolAllocatorINS_12CrtAllocatorEEES4_E6StringEPKcjb called 12824 returned 100% blocks executed 67%
    12824: 2809:    bool String(const Ch* str, SizeType length, bool copy) { 
    12824: 2810:        if (copy) 
    12824: 2810-block  0
branch  0 taken 12824 (fallthrough)
branch  1 taken 0
    12824: 2811:            new (stack_.template Push<ValueType>()) ValueType(str, length, GetAllocator());
    12824: 2811-block  0
call    0 returned 12824
call    1 returned 12824
call    2 returned 12824
call    3 returned 12824
branch  4 taken 12824 (fallthrough)
branch  5 taken 0 (throw)
    $$$$$: 2811-block  1
call    6 never executed
        -: 2812:        else
    #####: 2813:            new (stack_.template Push<ValueType>()) ValueType(str, length);
    %%%%%: 2813-block  0
call    0 never executed
call    1 never executed
call    2 never executed
    12824: 2814:        return true;
    12824: 2814-block  0
    12824: 2814-block  1
        -: 2815:    }
        -: 2816:
function _ZN9rapidjson15GenericDocumentINS_4UTF8IcEENS_19MemoryPoolAllocatorINS_12CrtAllocatorEEES4_E11StartObjectEv called 1821 returned 100% blocks executed 100%
     1821: 2817:    bool StartObject() { new (stack_.template Push<ValueType>()) ValueType(kObjectType); return true; }
     1821: 2817-block  0
call    0 returned 1821
call    1 returned 1821
call    2 returned 1821
        -: 2818:    
function _ZN9rapidjson15GenericDocumentINS_4UTF8IcEENS_19MemoryPoolAllocatorINS_12CrtAllocatorEEES4_E3KeyEPKcjb called 7637 returned 100% blocks executed 100%
     7637: 2819:    bool Key(const Ch* str, SizeType length, bool copy) { return String(str, length, copy); }
     7637: 2819-block  0
call    0 returned 7637
        -: 2820:
function _ZN9rapidjson15GenericDocumentINS_4UTF8IcEENS_19MemoryPoolAllocatorINS_12CrtAllocatorEEES4_E9EndObjectEj called 1821 returned 100% blocks executed 100%
     1821: 2821:    bool EndObject(SizeType memberCount) {
     1821: 2822:        typename ValueType::Member* members = stack_.template Pop<typename ValueType::Member>(memberCount);
     1821: 2822-block  0
call    0 returned 1821
     1821: 2823:        stack_.template Top<ValueType>()->SetObjectRaw(members, memberCount, GetAllocator());
call    0 returned 1821
call    1 returned 1821
call    2 returned 1821
     1821: 2824:        return true;
        -: 2825:    }
        -: 2826:
function _ZN9rapidjson15GenericDocumentINS_4UTF8IcEENS_19MemoryPoolAllocatorINS_12CrtAllocatorEEES4_E10StartArrayEv called 1346 returned 100% blocks executed 100%
     1346: 2827:    bool StartArray() { new (stack_.template Push<ValueType>()) ValueType(kArrayType); return true; }
     1346: 2827-block  0
call    0 returned 1346
call    1 returned 1346
call    2 returned 1346
        -: 2828:    
function _ZN9rapidjson15GenericDocumentINS_4UTF8IcEENS_19MemoryPoolAllocatorINS_12CrtAllocatorEEES4_E8EndArrayEj called 1346 returned 100% blocks executed 100%
     1346: 2829:    bool EndArray(SizeType elementCount) {
     1346: 2830:        ValueType* elements = stack_.template Pop<ValueType>(elementCount);
     1346: 2830-block  0
call    0 returned 1346
     1346: 2831:        stack_.template Top<ValueType>()->SetArrayRaw(elements, elementCount, GetAllocator());
call    0 returned 1346
call    1 returned 1346
call    2 returned 1346
     1346: 2832:        return true;
        -: 2833:    }
        -: 2834:
        -: 2835:private:
        -: 2836:    //! Prohibit copying
        -: 2837:    GenericDocument(const GenericDocument&);
        -: 2838:    //! Prohibit assignment
        -: 2839:    GenericDocument& operator=(const GenericDocument&);
        -: 2840:
function _ZN9rapidjson15GenericDocumentINS_4UTF8IcEENS_19MemoryPoolAllocatorINS_12CrtAllocatorEEES4_E10ClearStackEv called 5 returned 100% blocks executed 100%
        5: 2841:    void ClearStack() {
        5: 2841-block  0
        -: 2842:        if (Allocator::kNeedFree)
        -: 2843:            while (stack_.GetSize() > 0)    // Here assumes all elements in stack array are GenericValue (Member is actually 2 GenericValue objects)
        -: 2844:                (stack_.template Pop<ValueType>(1))->~ValueType();
        -: 2845:        else
        5: 2846:            stack_.Clear();
        5: 2846-block  0
call    0 returned 5
        5: 2847:        stack_.ShrinkToFit();
call    0 returned 5
        5: 2848:    }
        -: 2849:
function _ZN9rapidjson15GenericDocumentINS_4UTF8IcEENS_19MemoryPoolAllocatorINS_12CrtAllocatorEEES4_E7DestroyEv called 5 returned 100% blocks executed 100%
        5: 2850:    void Destroy() {
        5: 2851:        RAPIDJSON_DELETE(ownAllocator_);
        5: 2851-block  0
branch  0 taken 5 (fallthrough)
branch  1 taken 0
        5: 2851-block  1
call    2 returned 5
call    3 returned 5
        5: 2852:    }
        -: 2853:
        -: 2854:    static const size_t kDefaultStackCapacity = 1024;
        -: 2855:    Allocator* allocator_;
        -: 2856:    Allocator* ownAllocator_;
        -: 2857:    internal::Stack<StackAllocator> stack_;
        -: 2858:    ParseResult parseResult_;
        -: 2859:};
        -: 2860:
        -: 2861://! GenericDocument with UTF8 encoding
        -: 2862:typedef GenericDocument<UTF8<> > Document;
        -: 2863:
        -: 2864:
        -: 2865://! Helper class for accessing Value of array type.
        -: 2866:/*!
        -: 2867:    Instance of this helper class is obtained by \c GenericValue::GetArray().
        -: 2868:    In addition to all APIs for array type, it provides range-based for loop if \c RAPIDJSON_HAS_CXX11_RANGE_FOR=1.
        -: 2869:*/
        -: 2870:template <bool Const, typename ValueT>
        -: 2871:class GenericArray {
        -: 2872:public:
        -: 2873:    typedef GenericArray<true, ValueT> ConstArray;
        -: 2874:    typedef GenericArray<false, ValueT> Array;
        -: 2875:    typedef ValueT PlainType;
        -: 2876:    typedef typename internal::MaybeAddConst<Const,PlainType>::Type ValueType;
        -: 2877:    typedef ValueType* ValueIterator;  // This may be const or non-const iterator
        -: 2878:    typedef const ValueT* ConstValueIterator;
        -: 2879:    typedef typename ValueType::AllocatorType AllocatorType;
        -: 2880:    typedef typename ValueType::StringRefType StringRefType;
        -: 2881:
        -: 2882:    template <typename, typename>
        -: 2883:    friend class GenericValue;
        -: 2884:
        -: 2885:    GenericArray(const GenericArray& rhs) : value_(rhs.value_) {}
        -: 2886:    GenericArray& operator=(const GenericArray& rhs) { value_ = rhs.value_; return *this; }
function _ZN9rapidjson12GenericArrayILb0ENS_12GenericValueINS_4UTF8IcEENS_19MemoryPoolAllocatorINS_12CrtAllocatorEEEEEED2Ev called 15 returned 100% blocks executed 100%
       15: 2887:    ~GenericArray() {}
        -: 2888:
        -: 2889:    operator ValueType&() const { return value_; }
        -: 2890:    SizeType Size() const { return value_.Size(); }
        -: 2891:    SizeType Capacity() const { return value_.Capacity(); }
        -: 2892:    bool Empty() const { return value_.Empty(); }
        -: 2893:    void Clear() const { value_.Clear(); }
        -: 2894:    ValueType& operator[](SizeType index) const {  return value_[index]; }
        -: 2895:    ValueIterator Begin() const { return value_.Begin(); }
        -: 2896:    ValueIterator End() const { return value_.End(); }
        -: 2897:    GenericArray Reserve(SizeType newCapacity, AllocatorType &allocator) const { value_.Reserve(newCapacity, allocator); return *this; }
        -: 2898:    GenericArray PushBack(ValueType& value, AllocatorType& allocator) const { value_.PushBack(value, allocator); return *this; }
        -: 2899:#if RAPIDJSON_HAS_CXX11_RVALUE_REFS
        -: 2900:    GenericArray PushBack(ValueType&& value, AllocatorType& allocator) const { value_.PushBack(value, allocator); return *this; }
        -: 2901:#endif // RAPIDJSON_HAS_CXX11_RVALUE_REFS
        -: 2902:    GenericArray PushBack(StringRefType value, AllocatorType& allocator) const { value_.PushBack(value, allocator); return *this; }
        -: 2903:    template <typename T> RAPIDJSON_DISABLEIF_RETURN((internal::OrExpr<internal::IsPointer<T>, internal::IsGenericValue<T> >), (const GenericArray&)) PushBack(T value, AllocatorType& allocator) const { value_.PushBack(value, allocator); return *this; }
        -: 2904:    GenericArray PopBack() const { value_.PopBack(); return *this; }
        -: 2905:    ValueIterator Erase(ConstValueIterator pos) const { return value_.Erase(pos); }
        -: 2906:    ValueIterator Erase(ConstValueIterator first, ConstValueIterator last) const { return value_.Erase(first, last); }
        -: 2907:
        -: 2908:#if RAPIDJSON_HAS_CXX11_RANGE_FOR
function _ZNK9rapidjson12GenericArrayILb0ENS_12GenericValueINS_4UTF8IcEENS_19MemoryPoolAllocatorINS_12CrtAllocatorEEEEEE5beginEv called 15 returned 100% blocks executed 100%
       15: 2909:    ValueIterator begin() const { return value_.Begin(); }
       15: 2909-block  0
call    0 returned 15
function _ZNK9rapidjson12GenericArrayILb0ENS_12GenericValueINS_4UTF8IcEENS_19MemoryPoolAllocatorINS_12CrtAllocatorEEEEEE3endEv called 15 returned 100% blocks executed 100%
       15: 2910:    ValueIterator end() const { return value_.End(); }
       15: 2910-block  0
call    0 returned 15
        -: 2911:#endif
        -: 2912:
        -: 2913:private:
        -: 2914:    GenericArray();
function _ZN9rapidjson12GenericArrayILb0ENS_12GenericValueINS_4UTF8IcEENS_19MemoryPoolAllocatorINS_12CrtAllocatorEEEEEEC2ERS7_ called 15 returned 100% blocks executed 100%
       15: 2915:    GenericArray(ValueType& value) : value_(value) {}
        -: 2916:    ValueType& value_;
        -: 2917:};
        -: 2918:
        -: 2919://! Helper class for accessing Value of object type.
        -: 2920:/*!
        -: 2921:    Instance of this helper class is obtained by \c GenericValue::GetObject().
        -: 2922:    In addition to all APIs for array type, it provides range-based for loop if \c RAPIDJSON_HAS_CXX11_RANGE_FOR=1.
        -: 2923:*/
        -: 2924:template <bool Const, typename ValueT>
        -: 2925:class GenericObject {
        -: 2926:public:
        -: 2927:    typedef GenericObject<true, ValueT> ConstObject;
        -: 2928:    typedef GenericObject<false, ValueT> Object;
        -: 2929:    typedef ValueT PlainType;
        -: 2930:    typedef typename internal::MaybeAddConst<Const,PlainType>::Type ValueType;
        -: 2931:    typedef GenericMemberIterator<Const, typename ValueT::EncodingType, typename ValueT::AllocatorType> MemberIterator;  // This may be const or non-const iterator
        -: 2932:    typedef GenericMemberIterator<true, typename ValueT::EncodingType, typename ValueT::AllocatorType> ConstMemberIterator;
        -: 2933:    typedef typename ValueType::AllocatorType AllocatorType;
        -: 2934:    typedef typename ValueType::StringRefType StringRefType;
        -: 2935:    typedef typename ValueType::EncodingType EncodingType;
        -: 2936:    typedef typename ValueType::Ch Ch;
        -: 2937:
        -: 2938:    template <typename, typename>
        -: 2939:    friend class GenericValue;
        -: 2940:
        -: 2941:    GenericObject(const GenericObject& rhs) : value_(rhs.value_) {}
        -: 2942:    GenericObject& operator=(const GenericObject& rhs) { value_ = rhs.value_; return *this; }
        -: 2943:    ~GenericObject() {}
        -: 2944:
        -: 2945:    operator ValueType&() const { return value_; }
        -: 2946:    SizeType MemberCount() const { return value_.MemberCount(); }
        -: 2947:    SizeType MemberCapacity() const { return value_.MemberCapacity(); }
        -: 2948:    bool ObjectEmpty() const { return value_.ObjectEmpty(); }
        -: 2949:    template <typename T> ValueType& operator[](T* name) const { return value_[name]; }
        -: 2950:    template <typename SourceAllocator> ValueType& operator[](const GenericValue<EncodingType, SourceAllocator>& name) const { return value_[name]; }
        -: 2951:#if RAPIDJSON_HAS_STDSTRING
        -: 2952:    ValueType& operator[](const std::basic_string<Ch>& name) const { return value_[name]; }
        -: 2953:#endif
        -: 2954:    MemberIterator MemberBegin() const { return value_.MemberBegin(); }
        -: 2955:    MemberIterator MemberEnd() const { return value_.MemberEnd(); }
        -: 2956:    GenericObject MemberReserve(SizeType newCapacity, AllocatorType &allocator) const { value_.MemberReserve(newCapacity, allocator); return *this; }
        -: 2957:    bool HasMember(const Ch* name) const { return value_.HasMember(name); }
        -: 2958:#if RAPIDJSON_HAS_STDSTRING
        -: 2959:    bool HasMember(const std::basic_string<Ch>& name) const { return value_.HasMember(name); }
        -: 2960:#endif
        -: 2961:    template <typename SourceAllocator> bool HasMember(const GenericValue<EncodingType, SourceAllocator>& name) const { return value_.HasMember(name); }
        -: 2962:    MemberIterator FindMember(const Ch* name) const { return value_.FindMember(name); }
        -: 2963:    template <typename SourceAllocator> MemberIterator FindMember(const GenericValue<EncodingType, SourceAllocator>& name) const { return value_.FindMember(name); }
        -: 2964:#if RAPIDJSON_HAS_STDSTRING
        -: 2965:    MemberIterator FindMember(const std::basic_string<Ch>& name) const { return value_.FindMember(name); }
        -: 2966:#endif
        -: 2967:    GenericObject AddMember(ValueType& name, ValueType& value, AllocatorType& allocator) const { value_.AddMember(name, value, allocator); return *this; }
        -: 2968:    GenericObject AddMember(ValueType& name, StringRefType value, AllocatorType& allocator) const { value_.AddMember(name, value, allocator); return *this; }
        -: 2969:#if RAPIDJSON_HAS_STDSTRING
        -: 2970:    GenericObject AddMember(ValueType& name, std::basic_string<Ch>& value, AllocatorType& allocator) const { value_.AddMember(name, value, allocator); return *this; }
        -: 2971:#endif
        -: 2972:    template <typename T> RAPIDJSON_DISABLEIF_RETURN((internal::OrExpr<internal::IsPointer<T>, internal::IsGenericValue<T> >), (ValueType&)) AddMember(ValueType& name, T value, AllocatorType& allocator) const { value_.AddMember(name, value, allocator); return *this; }
        -: 2973:#if RAPIDJSON_HAS_CXX11_RVALUE_REFS
        -: 2974:    GenericObject AddMember(ValueType&& name, ValueType&& value, AllocatorType& allocator) const { value_.AddMember(name, value, allocator); return *this; }
        -: 2975:    GenericObject AddMember(ValueType&& name, ValueType& value, AllocatorType& allocator) const { value_.AddMember(name, value, allocator); return *this; }
        -: 2976:    GenericObject AddMember(ValueType& name, ValueType&& value, AllocatorType& allocator) const { value_.AddMember(name, value, allocator); return *this; }
        -: 2977:    GenericObject AddMember(StringRefType name, ValueType&& value, AllocatorType& allocator) const { value_.AddMember(name, value, allocator); return *this; }
        -: 2978:#endif // RAPIDJSON_HAS_CXX11_RVALUE_REFS
        -: 2979:    GenericObject AddMember(StringRefType name, ValueType& value, AllocatorType& allocator) const { value_.AddMember(name, value, allocator); return *this; }
        -: 2980:    GenericObject AddMember(StringRefType name, StringRefType value, AllocatorType& allocator) const { value_.AddMember(name, value, allocator); return *this; }
        -: 2981:    template <typename T> RAPIDJSON_DISABLEIF_RETURN((internal::OrExpr<internal::IsPointer<T>, internal::IsGenericValue<T> >), (GenericObject)) AddMember(StringRefType name, T value, AllocatorType& allocator) const { value_.AddMember(name, value, allocator); return *this; }
        -: 2982:    void RemoveAllMembers() { value_.RemoveAllMembers(); }
        -: 2983:    bool RemoveMember(const Ch* name) const { return value_.RemoveMember(name); }
        -: 2984:#if RAPIDJSON_HAS_STDSTRING
        -: 2985:    bool RemoveMember(const std::basic_string<Ch>& name) const { return value_.RemoveMember(name); }
        -: 2986:#endif
        -: 2987:    template <typename SourceAllocator> bool RemoveMember(const GenericValue<EncodingType, SourceAllocator>& name) const { return value_.RemoveMember(name); }
        -: 2988:    MemberIterator RemoveMember(MemberIterator m) const { return value_.RemoveMember(m); }
        -: 2989:    MemberIterator EraseMember(ConstMemberIterator pos) const { return value_.EraseMember(pos); }
        -: 2990:    MemberIterator EraseMember(ConstMemberIterator first, ConstMemberIterator last) const { return value_.EraseMember(first, last); }
        -: 2991:    bool EraseMember(const Ch* name) const { return value_.EraseMember(name); }
        -: 2992:#if RAPIDJSON_HAS_STDSTRING
        -: 2993:    bool EraseMember(const std::basic_string<Ch>& name) const { return EraseMember(ValueType(StringRef(name))); }
        -: 2994:#endif
        -: 2995:    template <typename SourceAllocator> bool EraseMember(const GenericValue<EncodingType, SourceAllocator>& name) const { return value_.EraseMember(name); }
        -: 2996:
        -: 2997:#if RAPIDJSON_HAS_CXX11_RANGE_FOR
        -: 2998:    MemberIterator begin() const { return value_.MemberBegin(); }
        -: 2999:    MemberIterator end() const { return value_.MemberEnd(); }
        -: 3000:#endif
        -: 3001:
        -: 3002:private:
        -: 3003:    GenericObject();
        -: 3004:    GenericObject(ValueType& value) : value_(value) {}
        -: 3005:    ValueType& value_;
        -: 3006:};
        -: 3007:
        -: 3008:RAPIDJSON_NAMESPACE_END
        -: 3009:RAPIDJSON_DIAG_POP
        -: 3010:
        -: 3011:#endif // RAPIDJSON_DOCUMENT_H_
